[2024-11-27 16:36:20] local.ERROR: View [employee.index] not found. {"exception":"[object] (InvalidArgumentException(code: 0): View [employee.index] not found. at D:\\TUGAS\\SEMESTER 3\\PENGEMBANGAN APLIKASI WEB\\Modul 12\\modul-12\\vendor\\laravel\\framework\\src\\Illuminate\\View\\FileViewFinder.php:137)
[stacktrace]
#0 D:\\TUGAS\\SEMESTER 3\\PENGEMBANGAN APLIKASI WEB\\Modul 12\\modul-12\\vendor\\laravel\\framework\\src\\Illuminate\\View\\FileViewFinder.php(79): Illuminate\\View\\FileViewFinder->findInPaths('employee.index', Array)
#1 D:\\TUGAS\\SEMESTER 3\\PENGEMBANGAN APLIKASI WEB\\Modul 12\\modul-12\\vendor\\laravel\\framework\\src\\Illuminate\\View\\Factory.php(137): Illuminate\\View\\FileViewFinder->find('employee.index')
#2 D:\\TUGAS\\SEMESTER 3\\PENGEMBANGAN APLIKASI WEB\\Modul 12\\modul-12\\vendor\\laravel\\framework\\src\\Illuminate\\Foundation\\helpers.php(1020): Illuminate\\View\\Factory->make('employee.index', Array, Array)
#3 D:\\TUGAS\\SEMESTER 3\\PENGEMBANGAN APLIKASI WEB\\Modul 12\\modul-12\\app\\Http\\Controllers\\EmployeeController.php(16): view('employee.index', Array)
#4 D:\\TUGAS\\SEMESTER 3\\PENGEMBANGAN APLIKASI WEB\\Modul 12\\modul-12\\vendor\\laravel\\framework\\src\\Illuminate\\Routing\\Controller.php(54): App\\Http\\Controllers\\EmployeeController->index()
#5 D:\\TUGAS\\SEMESTER 3\\PENGEMBANGAN APLIKASI WEB\\Modul 12\\modul-12\\vendor\\laravel\\framework\\src\\Illuminate\\Routing\\ControllerDispatcher.php(43): Illuminate\\Routing\\Controller->callAction('index', Array)
#6 D:\\TUGAS\\SEMESTER 3\\PENGEMBANGAN APLIKASI WEB\\Modul 12\\modul-12\\vendor\\laravel\\framework\\src\\Illuminate\\Routing\\Route.php(259): Illuminate\\Routing\\ControllerDispatcher->dispatch(Object(Illuminate\\Routing\\Route), Object(App\\Http\\Controllers\\EmployeeController), 'index')
#7 D:\\TUGAS\\SEMESTER 3\\PENGEMBANGAN APLIKASI WEB\\Modul 12\\modul-12\\vendor\\laravel\\framework\\src\\Illuminate\\Routing\\Route.php(205): Illuminate\\Routing\\Route->runController()
#8 D:\\TUGAS\\SEMESTER 3\\PENGEMBANGAN APLIKASI WEB\\Modul 12\\modul-12\\vendor\\laravel\\framework\\src\\Illuminate\\Routing\\Router.php(806): Illuminate\\Routing\\Route->run()
#9 D:\\TUGAS\\SEMESTER 3\\PENGEMBANGAN APLIKASI WEB\\Modul 12\\modul-12\\vendor\\laravel\\framework\\src\\Illuminate\\Pipeline\\Pipeline.php(144): Illuminate\\Routing\\Router->Illuminate\\Routing\\{closure}(Object(Illuminate\\Http\\Request))
#10 D:\\TUGAS\\SEMESTER 3\\PENGEMBANGAN APLIKASI WEB\\Modul 12\\modul-12\\vendor\\laravel\\framework\\src\\Illuminate\\Routing\\Middleware\\SubstituteBindings.php(50): Illuminate\\Pipeline\\Pipeline->Illuminate\\Pipeline\\{closure}(Object(Illuminate\\Http\\Request))
#11 D:\\TUGAS\\SEMESTER 3\\PENGEMBANGAN APLIKASI WEB\\Modul 12\\modul-12\\vendor\\laravel\\framework\\src\\Illuminate\\Pipeline\\Pipeline.php(183): Illuminate\\Routing\\Middleware\\SubstituteBindings->handle(Object(Illuminate\\Http\\Request), Object(Closure))
#12 D:\\TUGAS\\SEMESTER 3\\PENGEMBANGAN APLIKASI WEB\\Modul 12\\modul-12\\vendor\\laravel\\framework\\src\\Illuminate\\Foundation\\Http\\Middleware\\VerifyCsrfToken.php(78): Illuminate\\Pipeline\\Pipeline->Illuminate\\Pipeline\\{closure}(Object(Illuminate\\Http\\Request))
#13 D:\\TUGAS\\SEMESTER 3\\PENGEMBANGAN APLIKASI WEB\\Modul 12\\modul-12\\vendor\\laravel\\framework\\src\\Illuminate\\Pipeline\\Pipeline.php(183): Illuminate\\Foundation\\Http\\Middleware\\VerifyCsrfToken->handle(Object(Illuminate\\Http\\Request), Object(Closure))
#14 D:\\TUGAS\\SEMESTER 3\\PENGEMBANGAN APLIKASI WEB\\Modul 12\\modul-12\\vendor\\laravel\\framework\\src\\Illuminate\\View\\Middleware\\ShareErrorsFromSession.php(49): Illuminate\\Pipeline\\Pipeline->Illuminate\\Pipeline\\{closure}(Object(Illuminate\\Http\\Request))
#15 D:\\TUGAS\\SEMESTER 3\\PENGEMBANGAN APLIKASI WEB\\Modul 12\\modul-12\\vendor\\laravel\\framework\\src\\Illuminate\\Pipeline\\Pipeline.php(183): Illuminate\\View\\Middleware\\ShareErrorsFromSession->handle(Object(Illuminate\\Http\\Request), Object(Closure))
#16 D:\\TUGAS\\SEMESTER 3\\PENGEMBANGAN APLIKASI WEB\\Modul 12\\modul-12\\vendor\\laravel\\framework\\src\\Illuminate\\Session\\Middleware\\StartSession.php(121): Illuminate\\Pipeline\\Pipeline->Illuminate\\Pipeline\\{closure}(Object(Illuminate\\Http\\Request))
#17 D:\\TUGAS\\SEMESTER 3\\PENGEMBANGAN APLIKASI WEB\\Modul 12\\modul-12\\vendor\\laravel\\framework\\src\\Illuminate\\Session\\Middleware\\StartSession.php(64): Illuminate\\Session\\Middleware\\StartSession->handleStatefulRequest(Object(Illuminate\\Http\\Request), Object(Illuminate\\Session\\Store), Object(Closure))
#18 D:\\TUGAS\\SEMESTER 3\\PENGEMBANGAN APLIKASI WEB\\Modul 12\\modul-12\\vendor\\laravel\\framework\\src\\Illuminate\\Pipeline\\Pipeline.php(183): Illuminate\\Session\\Middleware\\StartSession->handle(Object(Illuminate\\Http\\Request), Object(Closure))
#19 D:\\TUGAS\\SEMESTER 3\\PENGEMBANGAN APLIKASI WEB\\Modul 12\\modul-12\\vendor\\laravel\\framework\\src\\Illuminate\\Cookie\\Middleware\\AddQueuedCookiesToResponse.php(37): Illuminate\\Pipeline\\Pipeline->Illuminate\\Pipeline\\{closure}(Object(Illuminate\\Http\\Request))
#20 D:\\TUGAS\\SEMESTER 3\\PENGEMBANGAN APLIKASI WEB\\Modul 12\\modul-12\\vendor\\laravel\\framework\\src\\Illuminate\\Pipeline\\Pipeline.php(183): Illuminate\\Cookie\\Middleware\\AddQueuedCookiesToResponse->handle(Object(Illuminate\\Http\\Request), Object(Closure))
#21 D:\\TUGAS\\SEMESTER 3\\PENGEMBANGAN APLIKASI WEB\\Modul 12\\modul-12\\vendor\\laravel\\framework\\src\\Illuminate\\Cookie\\Middleware\\EncryptCookies.php(67): Illuminate\\Pipeline\\Pipeline->Illuminate\\Pipeline\\{closure}(Object(Illuminate\\Http\\Request))
#22 D:\\TUGAS\\SEMESTER 3\\PENGEMBANGAN APLIKASI WEB\\Modul 12\\modul-12\\vendor\\laravel\\framework\\src\\Illuminate\\Pipeline\\Pipeline.php(183): Illuminate\\Cookie\\Middleware\\EncryptCookies->handle(Object(Illuminate\\Http\\Request), Object(Closure))
#23 D:\\TUGAS\\SEMESTER 3\\PENGEMBANGAN APLIKASI WEB\\Modul 12\\modul-12\\vendor\\laravel\\framework\\src\\Illuminate\\Pipeline\\Pipeline.php(119): Illuminate\\Pipeline\\Pipeline->Illuminate\\Pipeline\\{closure}(Object(Illuminate\\Http\\Request))
#24 D:\\TUGAS\\SEMESTER 3\\PENGEMBANGAN APLIKASI WEB\\Modul 12\\modul-12\\vendor\\laravel\\framework\\src\\Illuminate\\Routing\\Router.php(805): Illuminate\\Pipeline\\Pipeline->then(Object(Closure))
#25 D:\\TUGAS\\SEMESTER 3\\PENGEMBANGAN APLIKASI WEB\\Modul 12\\modul-12\\vendor\\laravel\\framework\\src\\Illuminate\\Routing\\Router.php(784): Illuminate\\Routing\\Router->runRouteWithinStack(Object(Illuminate\\Routing\\Route), Object(Illuminate\\Http\\Request))
#26 D:\\TUGAS\\SEMESTER 3\\PENGEMBANGAN APLIKASI WEB\\Modul 12\\modul-12\\vendor\\laravel\\framework\\src\\Illuminate\\Routing\\Router.php(748): Illuminate\\Routing\\Router->runRoute(Object(Illuminate\\Http\\Request), Object(Illuminate\\Routing\\Route))
#27 D:\\TUGAS\\SEMESTER 3\\PENGEMBANGAN APLIKASI WEB\\Modul 12\\modul-12\\vendor\\laravel\\framework\\src\\Illuminate\\Routing\\Router.php(737): Illuminate\\Routing\\Router->dispatchToRoute(Object(Illuminate\\Http\\Request))
#28 D:\\TUGAS\\SEMESTER 3\\PENGEMBANGAN APLIKASI WEB\\Modul 12\\modul-12\\vendor\\laravel\\framework\\src\\Illuminate\\Foundation\\Http\\Kernel.php(200): Illuminate\\Routing\\Router->dispatch(Object(Illuminate\\Http\\Request))
#29 D:\\TUGAS\\SEMESTER 3\\PENGEMBANGAN APLIKASI WEB\\Modul 12\\modul-12\\vendor\\laravel\\framework\\src\\Illuminate\\Pipeline\\Pipeline.php(144): Illuminate\\Foundation\\Http\\Kernel->Illuminate\\Foundation\\Http\\{closure}(Object(Illuminate\\Http\\Request))
#30 D:\\TUGAS\\SEMESTER 3\\PENGEMBANGAN APLIKASI WEB\\Modul 12\\modul-12\\vendor\\laravel\\framework\\src\\Illuminate\\Foundation\\Http\\Middleware\\TransformsRequest.php(21): Illuminate\\Pipeline\\Pipeline->Illuminate\\Pipeline\\{closure}(Object(Illuminate\\Http\\Request))
#31 D:\\TUGAS\\SEMESTER 3\\PENGEMBANGAN APLIKASI WEB\\Modul 12\\modul-12\\vendor\\laravel\\framework\\src\\Illuminate\\Foundation\\Http\\Middleware\\ConvertEmptyStringsToNull.php(31): Illuminate\\Foundation\\Http\\Middleware\\TransformsRequest->handle(Object(Illuminate\\Http\\Request), Object(Closure))
#32 D:\\TUGAS\\SEMESTER 3\\PENGEMBANGAN APLIKASI WEB\\Modul 12\\modul-12\\vendor\\laravel\\framework\\src\\Illuminate\\Pipeline\\Pipeline.php(183): Illuminate\\Foundation\\Http\\Middleware\\ConvertEmptyStringsToNull->handle(Object(Illuminate\\Http\\Request), Object(Closure))
#33 D:\\TUGAS\\SEMESTER 3\\PENGEMBANGAN APLIKASI WEB\\Modul 12\\modul-12\\vendor\\laravel\\framework\\src\\Illuminate\\Foundation\\Http\\Middleware\\TransformsRequest.php(21): Illuminate\\Pipeline\\Pipeline->Illuminate\\Pipeline\\{closure}(Object(Illuminate\\Http\\Request))
#34 D:\\TUGAS\\SEMESTER 3\\PENGEMBANGAN APLIKASI WEB\\Modul 12\\modul-12\\vendor\\laravel\\framework\\src\\Illuminate\\Foundation\\Http\\Middleware\\TrimStrings.php(40): Illuminate\\Foundation\\Http\\Middleware\\TransformsRequest->handle(Object(Illuminate\\Http\\Request), Object(Closure))
#35 D:\\TUGAS\\SEMESTER 3\\PENGEMBANGAN APLIKASI WEB\\Modul 12\\modul-12\\vendor\\laravel\\framework\\src\\Illuminate\\Pipeline\\Pipeline.php(183): Illuminate\\Foundation\\Http\\Middleware\\TrimStrings->handle(Object(Illuminate\\Http\\Request), Object(Closure))
#36 D:\\TUGAS\\SEMESTER 3\\PENGEMBANGAN APLIKASI WEB\\Modul 12\\modul-12\\vendor\\laravel\\framework\\src\\Illuminate\\Foundation\\Http\\Middleware\\ValidatePostSize.php(27): Illuminate\\Pipeline\\Pipeline->Illuminate\\Pipeline\\{closure}(Object(Illuminate\\Http\\Request))
#37 D:\\TUGAS\\SEMESTER 3\\PENGEMBANGAN APLIKASI WEB\\Modul 12\\modul-12\\vendor\\laravel\\framework\\src\\Illuminate\\Pipeline\\Pipeline.php(183): Illuminate\\Foundation\\Http\\Middleware\\ValidatePostSize->handle(Object(Illuminate\\Http\\Request), Object(Closure))
#38 D:\\TUGAS\\SEMESTER 3\\PENGEMBANGAN APLIKASI WEB\\Modul 12\\modul-12\\vendor\\laravel\\framework\\src\\Illuminate\\Foundation\\Http\\Middleware\\PreventRequestsDuringMaintenance.php(99): Illuminate\\Pipeline\\Pipeline->Illuminate\\Pipeline\\{closure}(Object(Illuminate\\Http\\Request))
#39 D:\\TUGAS\\SEMESTER 3\\PENGEMBANGAN APLIKASI WEB\\Modul 12\\modul-12\\vendor\\laravel\\framework\\src\\Illuminate\\Pipeline\\Pipeline.php(183): Illuminate\\Foundation\\Http\\Middleware\\PreventRequestsDuringMaintenance->handle(Object(Illuminate\\Http\\Request), Object(Closure))
#40 D:\\TUGAS\\SEMESTER 3\\PENGEMBANGAN APLIKASI WEB\\Modul 12\\modul-12\\vendor\\laravel\\framework\\src\\Illuminate\\Http\\Middleware\\HandleCors.php(49): Illuminate\\Pipeline\\Pipeline->Illuminate\\Pipeline\\{closure}(Object(Illuminate\\Http\\Request))
#41 D:\\TUGAS\\SEMESTER 3\\PENGEMBANGAN APLIKASI WEB\\Modul 12\\modul-12\\vendor\\laravel\\framework\\src\\Illuminate\\Pipeline\\Pipeline.php(183): Illuminate\\Http\\Middleware\\HandleCors->handle(Object(Illuminate\\Http\\Request), Object(Closure))
#42 D:\\TUGAS\\SEMESTER 3\\PENGEMBANGAN APLIKASI WEB\\Modul 12\\modul-12\\vendor\\laravel\\framework\\src\\Illuminate\\Http\\Middleware\\TrustProxies.php(39): Illuminate\\Pipeline\\Pipeline->Illuminate\\Pipeline\\{closure}(Object(Illuminate\\Http\\Request))
#43 D:\\TUGAS\\SEMESTER 3\\PENGEMBANGAN APLIKASI WEB\\Modul 12\\modul-12\\vendor\\laravel\\framework\\src\\Illuminate\\Pipeline\\Pipeline.php(183): Illuminate\\Http\\Middleware\\TrustProxies->handle(Object(Illuminate\\Http\\Request), Object(Closure))
#44 D:\\TUGAS\\SEMESTER 3\\PENGEMBANGAN APLIKASI WEB\\Modul 12\\modul-12\\vendor\\laravel\\framework\\src\\Illuminate\\Pipeline\\Pipeline.php(119): Illuminate\\Pipeline\\Pipeline->Illuminate\\Pipeline\\{closure}(Object(Illuminate\\Http\\Request))
#45 D:\\TUGAS\\SEMESTER 3\\PENGEMBANGAN APLIKASI WEB\\Modul 12\\modul-12\\vendor\\laravel\\framework\\src\\Illuminate\\Foundation\\Http\\Kernel.php(175): Illuminate\\Pipeline\\Pipeline->then(Object(Closure))
#46 D:\\TUGAS\\SEMESTER 3\\PENGEMBANGAN APLIKASI WEB\\Modul 12\\modul-12\\vendor\\laravel\\framework\\src\\Illuminate\\Foundation\\Http\\Kernel.php(144): Illuminate\\Foundation\\Http\\Kernel->sendRequestThroughRouter(Object(Illuminate\\Http\\Request))
#47 D:\\TUGAS\\SEMESTER 3\\PENGEMBANGAN APLIKASI WEB\\Modul 12\\modul-12\\public\\index.php(51): Illuminate\\Foundation\\Http\\Kernel->handle(Object(Illuminate\\Http\\Request))
#48 D:\\TUGAS\\SEMESTER 3\\PENGEMBANGAN APLIKASI WEB\\Modul 12\\modul-12\\vendor\\laravel\\framework\\src\\Illuminate\\Foundation\\resources\\server.php(16): require_once('D:\\\\TUGAS\\\\SEMEST...')
#49 {main}
"} 
[2024-11-27 16:36:34] local.ERROR: View [employee.index] not found. {"exception":"[object] (InvalidArgumentException(code: 0): View [employee.index] not found. at D:\\TUGAS\\SEMESTER 3\\PENGEMBANGAN APLIKASI WEB\\Modul 12\\modul-12\\vendor\\laravel\\framework\\src\\Illuminate\\View\\FileViewFinder.php:137)
[stacktrace]
#0 D:\\TUGAS\\SEMESTER 3\\PENGEMBANGAN APLIKASI WEB\\Modul 12\\modul-12\\vendor\\laravel\\framework\\src\\Illuminate\\View\\FileViewFinder.php(79): Illuminate\\View\\FileViewFinder->findInPaths('employee.index', Array)
#1 D:\\TUGAS\\SEMESTER 3\\PENGEMBANGAN APLIKASI WEB\\Modul 12\\modul-12\\vendor\\laravel\\framework\\src\\Illuminate\\View\\Factory.php(137): Illuminate\\View\\FileViewFinder->find('employee.index')
#2 D:\\TUGAS\\SEMESTER 3\\PENGEMBANGAN APLIKASI WEB\\Modul 12\\modul-12\\vendor\\laravel\\framework\\src\\Illuminate\\Foundation\\helpers.php(1020): Illuminate\\View\\Factory->make('employee.index', Array, Array)
#3 D:\\TUGAS\\SEMESTER 3\\PENGEMBANGAN APLIKASI WEB\\Modul 12\\modul-12\\app\\Http\\Controllers\\EmployeeController.php(16): view('employee.index', Array)
#4 D:\\TUGAS\\SEMESTER 3\\PENGEMBANGAN APLIKASI WEB\\Modul 12\\modul-12\\vendor\\laravel\\framework\\src\\Illuminate\\Routing\\Controller.php(54): App\\Http\\Controllers\\EmployeeController->index()
#5 D:\\TUGAS\\SEMESTER 3\\PENGEMBANGAN APLIKASI WEB\\Modul 12\\modul-12\\vendor\\laravel\\framework\\src\\Illuminate\\Routing\\ControllerDispatcher.php(43): Illuminate\\Routing\\Controller->callAction('index', Array)
#6 D:\\TUGAS\\SEMESTER 3\\PENGEMBANGAN APLIKASI WEB\\Modul 12\\modul-12\\vendor\\laravel\\framework\\src\\Illuminate\\Routing\\Route.php(259): Illuminate\\Routing\\ControllerDispatcher->dispatch(Object(Illuminate\\Routing\\Route), Object(App\\Http\\Controllers\\EmployeeController), 'index')
#7 D:\\TUGAS\\SEMESTER 3\\PENGEMBANGAN APLIKASI WEB\\Modul 12\\modul-12\\vendor\\laravel\\framework\\src\\Illuminate\\Routing\\Route.php(205): Illuminate\\Routing\\Route->runController()
#8 D:\\TUGAS\\SEMESTER 3\\PENGEMBANGAN APLIKASI WEB\\Modul 12\\modul-12\\vendor\\laravel\\framework\\src\\Illuminate\\Routing\\Router.php(806): Illuminate\\Routing\\Route->run()
#9 D:\\TUGAS\\SEMESTER 3\\PENGEMBANGAN APLIKASI WEB\\Modul 12\\modul-12\\vendor\\laravel\\framework\\src\\Illuminate\\Pipeline\\Pipeline.php(144): Illuminate\\Routing\\Router->Illuminate\\Routing\\{closure}(Object(Illuminate\\Http\\Request))
#10 D:\\TUGAS\\SEMESTER 3\\PENGEMBANGAN APLIKASI WEB\\Modul 12\\modul-12\\vendor\\laravel\\framework\\src\\Illuminate\\Routing\\Middleware\\SubstituteBindings.php(50): Illuminate\\Pipeline\\Pipeline->Illuminate\\Pipeline\\{closure}(Object(Illuminate\\Http\\Request))
#11 D:\\TUGAS\\SEMESTER 3\\PENGEMBANGAN APLIKASI WEB\\Modul 12\\modul-12\\vendor\\laravel\\framework\\src\\Illuminate\\Pipeline\\Pipeline.php(183): Illuminate\\Routing\\Middleware\\SubstituteBindings->handle(Object(Illuminate\\Http\\Request), Object(Closure))
#12 D:\\TUGAS\\SEMESTER 3\\PENGEMBANGAN APLIKASI WEB\\Modul 12\\modul-12\\vendor\\laravel\\framework\\src\\Illuminate\\Foundation\\Http\\Middleware\\VerifyCsrfToken.php(78): Illuminate\\Pipeline\\Pipeline->Illuminate\\Pipeline\\{closure}(Object(Illuminate\\Http\\Request))
#13 D:\\TUGAS\\SEMESTER 3\\PENGEMBANGAN APLIKASI WEB\\Modul 12\\modul-12\\vendor\\laravel\\framework\\src\\Illuminate\\Pipeline\\Pipeline.php(183): Illuminate\\Foundation\\Http\\Middleware\\VerifyCsrfToken->handle(Object(Illuminate\\Http\\Request), Object(Closure))
#14 D:\\TUGAS\\SEMESTER 3\\PENGEMBANGAN APLIKASI WEB\\Modul 12\\modul-12\\vendor\\laravel\\framework\\src\\Illuminate\\View\\Middleware\\ShareErrorsFromSession.php(49): Illuminate\\Pipeline\\Pipeline->Illuminate\\Pipeline\\{closure}(Object(Illuminate\\Http\\Request))
#15 D:\\TUGAS\\SEMESTER 3\\PENGEMBANGAN APLIKASI WEB\\Modul 12\\modul-12\\vendor\\laravel\\framework\\src\\Illuminate\\Pipeline\\Pipeline.php(183): Illuminate\\View\\Middleware\\ShareErrorsFromSession->handle(Object(Illuminate\\Http\\Request), Object(Closure))
#16 D:\\TUGAS\\SEMESTER 3\\PENGEMBANGAN APLIKASI WEB\\Modul 12\\modul-12\\vendor\\laravel\\framework\\src\\Illuminate\\Session\\Middleware\\StartSession.php(121): Illuminate\\Pipeline\\Pipeline->Illuminate\\Pipeline\\{closure}(Object(Illuminate\\Http\\Request))
#17 D:\\TUGAS\\SEMESTER 3\\PENGEMBANGAN APLIKASI WEB\\Modul 12\\modul-12\\vendor\\laravel\\framework\\src\\Illuminate\\Session\\Middleware\\StartSession.php(64): Illuminate\\Session\\Middleware\\StartSession->handleStatefulRequest(Object(Illuminate\\Http\\Request), Object(Illuminate\\Session\\Store), Object(Closure))
#18 D:\\TUGAS\\SEMESTER 3\\PENGEMBANGAN APLIKASI WEB\\Modul 12\\modul-12\\vendor\\laravel\\framework\\src\\Illuminate\\Pipeline\\Pipeline.php(183): Illuminate\\Session\\Middleware\\StartSession->handle(Object(Illuminate\\Http\\Request), Object(Closure))
#19 D:\\TUGAS\\SEMESTER 3\\PENGEMBANGAN APLIKASI WEB\\Modul 12\\modul-12\\vendor\\laravel\\framework\\src\\Illuminate\\Cookie\\Middleware\\AddQueuedCookiesToResponse.php(37): Illuminate\\Pipeline\\Pipeline->Illuminate\\Pipeline\\{closure}(Object(Illuminate\\Http\\Request))
#20 D:\\TUGAS\\SEMESTER 3\\PENGEMBANGAN APLIKASI WEB\\Modul 12\\modul-12\\vendor\\laravel\\framework\\src\\Illuminate\\Pipeline\\Pipeline.php(183): Illuminate\\Cookie\\Middleware\\AddQueuedCookiesToResponse->handle(Object(Illuminate\\Http\\Request), Object(Closure))
#21 D:\\TUGAS\\SEMESTER 3\\PENGEMBANGAN APLIKASI WEB\\Modul 12\\modul-12\\vendor\\laravel\\framework\\src\\Illuminate\\Cookie\\Middleware\\EncryptCookies.php(67): Illuminate\\Pipeline\\Pipeline->Illuminate\\Pipeline\\{closure}(Object(Illuminate\\Http\\Request))
#22 D:\\TUGAS\\SEMESTER 3\\PENGEMBANGAN APLIKASI WEB\\Modul 12\\modul-12\\vendor\\laravel\\framework\\src\\Illuminate\\Pipeline\\Pipeline.php(183): Illuminate\\Cookie\\Middleware\\EncryptCookies->handle(Object(Illuminate\\Http\\Request), Object(Closure))
#23 D:\\TUGAS\\SEMESTER 3\\PENGEMBANGAN APLIKASI WEB\\Modul 12\\modul-12\\vendor\\laravel\\framework\\src\\Illuminate\\Pipeline\\Pipeline.php(119): Illuminate\\Pipeline\\Pipeline->Illuminate\\Pipeline\\{closure}(Object(Illuminate\\Http\\Request))
#24 D:\\TUGAS\\SEMESTER 3\\PENGEMBANGAN APLIKASI WEB\\Modul 12\\modul-12\\vendor\\laravel\\framework\\src\\Illuminate\\Routing\\Router.php(805): Illuminate\\Pipeline\\Pipeline->then(Object(Closure))
#25 D:\\TUGAS\\SEMESTER 3\\PENGEMBANGAN APLIKASI WEB\\Modul 12\\modul-12\\vendor\\laravel\\framework\\src\\Illuminate\\Routing\\Router.php(784): Illuminate\\Routing\\Router->runRouteWithinStack(Object(Illuminate\\Routing\\Route), Object(Illuminate\\Http\\Request))
#26 D:\\TUGAS\\SEMESTER 3\\PENGEMBANGAN APLIKASI WEB\\Modul 12\\modul-12\\vendor\\laravel\\framework\\src\\Illuminate\\Routing\\Router.php(748): Illuminate\\Routing\\Router->runRoute(Object(Illuminate\\Http\\Request), Object(Illuminate\\Routing\\Route))
#27 D:\\TUGAS\\SEMESTER 3\\PENGEMBANGAN APLIKASI WEB\\Modul 12\\modul-12\\vendor\\laravel\\framework\\src\\Illuminate\\Routing\\Router.php(737): Illuminate\\Routing\\Router->dispatchToRoute(Object(Illuminate\\Http\\Request))
#28 D:\\TUGAS\\SEMESTER 3\\PENGEMBANGAN APLIKASI WEB\\Modul 12\\modul-12\\vendor\\laravel\\framework\\src\\Illuminate\\Foundation\\Http\\Kernel.php(200): Illuminate\\Routing\\Router->dispatch(Object(Illuminate\\Http\\Request))
#29 D:\\TUGAS\\SEMESTER 3\\PENGEMBANGAN APLIKASI WEB\\Modul 12\\modul-12\\vendor\\laravel\\framework\\src\\Illuminate\\Pipeline\\Pipeline.php(144): Illuminate\\Foundation\\Http\\Kernel->Illuminate\\Foundation\\Http\\{closure}(Object(Illuminate\\Http\\Request))
#30 D:\\TUGAS\\SEMESTER 3\\PENGEMBANGAN APLIKASI WEB\\Modul 12\\modul-12\\vendor\\laravel\\framework\\src\\Illuminate\\Foundation\\Http\\Middleware\\TransformsRequest.php(21): Illuminate\\Pipeline\\Pipeline->Illuminate\\Pipeline\\{closure}(Object(Illuminate\\Http\\Request))
#31 D:\\TUGAS\\SEMESTER 3\\PENGEMBANGAN APLIKASI WEB\\Modul 12\\modul-12\\vendor\\laravel\\framework\\src\\Illuminate\\Foundation\\Http\\Middleware\\ConvertEmptyStringsToNull.php(31): Illuminate\\Foundation\\Http\\Middleware\\TransformsRequest->handle(Object(Illuminate\\Http\\Request), Object(Closure))
#32 D:\\TUGAS\\SEMESTER 3\\PENGEMBANGAN APLIKASI WEB\\Modul 12\\modul-12\\vendor\\laravel\\framework\\src\\Illuminate\\Pipeline\\Pipeline.php(183): Illuminate\\Foundation\\Http\\Middleware\\ConvertEmptyStringsToNull->handle(Object(Illuminate\\Http\\Request), Object(Closure))
#33 D:\\TUGAS\\SEMESTER 3\\PENGEMBANGAN APLIKASI WEB\\Modul 12\\modul-12\\vendor\\laravel\\framework\\src\\Illuminate\\Foundation\\Http\\Middleware\\TransformsRequest.php(21): Illuminate\\Pipeline\\Pipeline->Illuminate\\Pipeline\\{closure}(Object(Illuminate\\Http\\Request))
#34 D:\\TUGAS\\SEMESTER 3\\PENGEMBANGAN APLIKASI WEB\\Modul 12\\modul-12\\vendor\\laravel\\framework\\src\\Illuminate\\Foundation\\Http\\Middleware\\TrimStrings.php(40): Illuminate\\Foundation\\Http\\Middleware\\TransformsRequest->handle(Object(Illuminate\\Http\\Request), Object(Closure))
#35 D:\\TUGAS\\SEMESTER 3\\PENGEMBANGAN APLIKASI WEB\\Modul 12\\modul-12\\vendor\\laravel\\framework\\src\\Illuminate\\Pipeline\\Pipeline.php(183): Illuminate\\Foundation\\Http\\Middleware\\TrimStrings->handle(Object(Illuminate\\Http\\Request), Object(Closure))
#36 D:\\TUGAS\\SEMESTER 3\\PENGEMBANGAN APLIKASI WEB\\Modul 12\\modul-12\\vendor\\laravel\\framework\\src\\Illuminate\\Foundation\\Http\\Middleware\\ValidatePostSize.php(27): Illuminate\\Pipeline\\Pipeline->Illuminate\\Pipeline\\{closure}(Object(Illuminate\\Http\\Request))
#37 D:\\TUGAS\\SEMESTER 3\\PENGEMBANGAN APLIKASI WEB\\Modul 12\\modul-12\\vendor\\laravel\\framework\\src\\Illuminate\\Pipeline\\Pipeline.php(183): Illuminate\\Foundation\\Http\\Middleware\\ValidatePostSize->handle(Object(Illuminate\\Http\\Request), Object(Closure))
#38 D:\\TUGAS\\SEMESTER 3\\PENGEMBANGAN APLIKASI WEB\\Modul 12\\modul-12\\vendor\\laravel\\framework\\src\\Illuminate\\Foundation\\Http\\Middleware\\PreventRequestsDuringMaintenance.php(99): Illuminate\\Pipeline\\Pipeline->Illuminate\\Pipeline\\{closure}(Object(Illuminate\\Http\\Request))
#39 D:\\TUGAS\\SEMESTER 3\\PENGEMBANGAN APLIKASI WEB\\Modul 12\\modul-12\\vendor\\laravel\\framework\\src\\Illuminate\\Pipeline\\Pipeline.php(183): Illuminate\\Foundation\\Http\\Middleware\\PreventRequestsDuringMaintenance->handle(Object(Illuminate\\Http\\Request), Object(Closure))
#40 D:\\TUGAS\\SEMESTER 3\\PENGEMBANGAN APLIKASI WEB\\Modul 12\\modul-12\\vendor\\laravel\\framework\\src\\Illuminate\\Http\\Middleware\\HandleCors.php(49): Illuminate\\Pipeline\\Pipeline->Illuminate\\Pipeline\\{closure}(Object(Illuminate\\Http\\Request))
#41 D:\\TUGAS\\SEMESTER 3\\PENGEMBANGAN APLIKASI WEB\\Modul 12\\modul-12\\vendor\\laravel\\framework\\src\\Illuminate\\Pipeline\\Pipeline.php(183): Illuminate\\Http\\Middleware\\HandleCors->handle(Object(Illuminate\\Http\\Request), Object(Closure))
#42 D:\\TUGAS\\SEMESTER 3\\PENGEMBANGAN APLIKASI WEB\\Modul 12\\modul-12\\vendor\\laravel\\framework\\src\\Illuminate\\Http\\Middleware\\TrustProxies.php(39): Illuminate\\Pipeline\\Pipeline->Illuminate\\Pipeline\\{closure}(Object(Illuminate\\Http\\Request))
#43 D:\\TUGAS\\SEMESTER 3\\PENGEMBANGAN APLIKASI WEB\\Modul 12\\modul-12\\vendor\\laravel\\framework\\src\\Illuminate\\Pipeline\\Pipeline.php(183): Illuminate\\Http\\Middleware\\TrustProxies->handle(Object(Illuminate\\Http\\Request), Object(Closure))
#44 D:\\TUGAS\\SEMESTER 3\\PENGEMBANGAN APLIKASI WEB\\Modul 12\\modul-12\\vendor\\laravel\\framework\\src\\Illuminate\\Pipeline\\Pipeline.php(119): Illuminate\\Pipeline\\Pipeline->Illuminate\\Pipeline\\{closure}(Object(Illuminate\\Http\\Request))
#45 D:\\TUGAS\\SEMESTER 3\\PENGEMBANGAN APLIKASI WEB\\Modul 12\\modul-12\\vendor\\laravel\\framework\\src\\Illuminate\\Foundation\\Http\\Kernel.php(175): Illuminate\\Pipeline\\Pipeline->then(Object(Closure))
#46 D:\\TUGAS\\SEMESTER 3\\PENGEMBANGAN APLIKASI WEB\\Modul 12\\modul-12\\vendor\\laravel\\framework\\src\\Illuminate\\Foundation\\Http\\Kernel.php(144): Illuminate\\Foundation\\Http\\Kernel->sendRequestThroughRouter(Object(Illuminate\\Http\\Request))
#47 D:\\TUGAS\\SEMESTER 3\\PENGEMBANGAN APLIKASI WEB\\Modul 12\\modul-12\\public\\index.php(51): Illuminate\\Foundation\\Http\\Kernel->handle(Object(Illuminate\\Http\\Request))
#48 D:\\TUGAS\\SEMESTER 3\\PENGEMBANGAN APLIKASI WEB\\Modul 12\\modul-12\\vendor\\laravel\\framework\\src\\Illuminate\\Foundation\\resources\\server.php(16): require_once('D:\\\\TUGAS\\\\SEMEST...')
#49 {main}
"} 
[2024-11-27 16:37:40] local.ERROR: View [employee.index] not found. {"exception":"[object] (InvalidArgumentException(code: 0): View [employee.index] not found. at D:\\TUGAS\\SEMESTER 3\\PENGEMBANGAN APLIKASI WEB\\Modul 12\\modul-12\\vendor\\laravel\\framework\\src\\Illuminate\\View\\FileViewFinder.php:137)
[stacktrace]
#0 D:\\TUGAS\\SEMESTER 3\\PENGEMBANGAN APLIKASI WEB\\Modul 12\\modul-12\\vendor\\laravel\\framework\\src\\Illuminate\\View\\FileViewFinder.php(79): Illuminate\\View\\FileViewFinder->findInPaths('employee.index', Array)
#1 D:\\TUGAS\\SEMESTER 3\\PENGEMBANGAN APLIKASI WEB\\Modul 12\\modul-12\\vendor\\laravel\\framework\\src\\Illuminate\\View\\Factory.php(137): Illuminate\\View\\FileViewFinder->find('employee.index')
#2 D:\\TUGAS\\SEMESTER 3\\PENGEMBANGAN APLIKASI WEB\\Modul 12\\modul-12\\vendor\\laravel\\framework\\src\\Illuminate\\Foundation\\helpers.php(1020): Illuminate\\View\\Factory->make('employee.index', Array, Array)
#3 D:\\TUGAS\\SEMESTER 3\\PENGEMBANGAN APLIKASI WEB\\Modul 12\\modul-12\\app\\Http\\Controllers\\EmployeeController.php(16): view('employee.index', Array)
#4 D:\\TUGAS\\SEMESTER 3\\PENGEMBANGAN APLIKASI WEB\\Modul 12\\modul-12\\vendor\\laravel\\framework\\src\\Illuminate\\Routing\\Controller.php(54): App\\Http\\Controllers\\EmployeeController->index()
#5 D:\\TUGAS\\SEMESTER 3\\PENGEMBANGAN APLIKASI WEB\\Modul 12\\modul-12\\vendor\\laravel\\framework\\src\\Illuminate\\Routing\\ControllerDispatcher.php(43): Illuminate\\Routing\\Controller->callAction('index', Array)
#6 D:\\TUGAS\\SEMESTER 3\\PENGEMBANGAN APLIKASI WEB\\Modul 12\\modul-12\\vendor\\laravel\\framework\\src\\Illuminate\\Routing\\Route.php(259): Illuminate\\Routing\\ControllerDispatcher->dispatch(Object(Illuminate\\Routing\\Route), Object(App\\Http\\Controllers\\EmployeeController), 'index')
#7 D:\\TUGAS\\SEMESTER 3\\PENGEMBANGAN APLIKASI WEB\\Modul 12\\modul-12\\vendor\\laravel\\framework\\src\\Illuminate\\Routing\\Route.php(205): Illuminate\\Routing\\Route->runController()
#8 D:\\TUGAS\\SEMESTER 3\\PENGEMBANGAN APLIKASI WEB\\Modul 12\\modul-12\\vendor\\laravel\\framework\\src\\Illuminate\\Routing\\Router.php(806): Illuminate\\Routing\\Route->run()
#9 D:\\TUGAS\\SEMESTER 3\\PENGEMBANGAN APLIKASI WEB\\Modul 12\\modul-12\\vendor\\laravel\\framework\\src\\Illuminate\\Pipeline\\Pipeline.php(144): Illuminate\\Routing\\Router->Illuminate\\Routing\\{closure}(Object(Illuminate\\Http\\Request))
#10 D:\\TUGAS\\SEMESTER 3\\PENGEMBANGAN APLIKASI WEB\\Modul 12\\modul-12\\vendor\\laravel\\framework\\src\\Illuminate\\Routing\\Middleware\\SubstituteBindings.php(50): Illuminate\\Pipeline\\Pipeline->Illuminate\\Pipeline\\{closure}(Object(Illuminate\\Http\\Request))
#11 D:\\TUGAS\\SEMESTER 3\\PENGEMBANGAN APLIKASI WEB\\Modul 12\\modul-12\\vendor\\laravel\\framework\\src\\Illuminate\\Pipeline\\Pipeline.php(183): Illuminate\\Routing\\Middleware\\SubstituteBindings->handle(Object(Illuminate\\Http\\Request), Object(Closure))
#12 D:\\TUGAS\\SEMESTER 3\\PENGEMBANGAN APLIKASI WEB\\Modul 12\\modul-12\\vendor\\laravel\\framework\\src\\Illuminate\\Foundation\\Http\\Middleware\\VerifyCsrfToken.php(78): Illuminate\\Pipeline\\Pipeline->Illuminate\\Pipeline\\{closure}(Object(Illuminate\\Http\\Request))
#13 D:\\TUGAS\\SEMESTER 3\\PENGEMBANGAN APLIKASI WEB\\Modul 12\\modul-12\\vendor\\laravel\\framework\\src\\Illuminate\\Pipeline\\Pipeline.php(183): Illuminate\\Foundation\\Http\\Middleware\\VerifyCsrfToken->handle(Object(Illuminate\\Http\\Request), Object(Closure))
#14 D:\\TUGAS\\SEMESTER 3\\PENGEMBANGAN APLIKASI WEB\\Modul 12\\modul-12\\vendor\\laravel\\framework\\src\\Illuminate\\View\\Middleware\\ShareErrorsFromSession.php(49): Illuminate\\Pipeline\\Pipeline->Illuminate\\Pipeline\\{closure}(Object(Illuminate\\Http\\Request))
#15 D:\\TUGAS\\SEMESTER 3\\PENGEMBANGAN APLIKASI WEB\\Modul 12\\modul-12\\vendor\\laravel\\framework\\src\\Illuminate\\Pipeline\\Pipeline.php(183): Illuminate\\View\\Middleware\\ShareErrorsFromSession->handle(Object(Illuminate\\Http\\Request), Object(Closure))
#16 D:\\TUGAS\\SEMESTER 3\\PENGEMBANGAN APLIKASI WEB\\Modul 12\\modul-12\\vendor\\laravel\\framework\\src\\Illuminate\\Session\\Middleware\\StartSession.php(121): Illuminate\\Pipeline\\Pipeline->Illuminate\\Pipeline\\{closure}(Object(Illuminate\\Http\\Request))
#17 D:\\TUGAS\\SEMESTER 3\\PENGEMBANGAN APLIKASI WEB\\Modul 12\\modul-12\\vendor\\laravel\\framework\\src\\Illuminate\\Session\\Middleware\\StartSession.php(64): Illuminate\\Session\\Middleware\\StartSession->handleStatefulRequest(Object(Illuminate\\Http\\Request), Object(Illuminate\\Session\\Store), Object(Closure))
#18 D:\\TUGAS\\SEMESTER 3\\PENGEMBANGAN APLIKASI WEB\\Modul 12\\modul-12\\vendor\\laravel\\framework\\src\\Illuminate\\Pipeline\\Pipeline.php(183): Illuminate\\Session\\Middleware\\StartSession->handle(Object(Illuminate\\Http\\Request), Object(Closure))
#19 D:\\TUGAS\\SEMESTER 3\\PENGEMBANGAN APLIKASI WEB\\Modul 12\\modul-12\\vendor\\laravel\\framework\\src\\Illuminate\\Cookie\\Middleware\\AddQueuedCookiesToResponse.php(37): Illuminate\\Pipeline\\Pipeline->Illuminate\\Pipeline\\{closure}(Object(Illuminate\\Http\\Request))
#20 D:\\TUGAS\\SEMESTER 3\\PENGEMBANGAN APLIKASI WEB\\Modul 12\\modul-12\\vendor\\laravel\\framework\\src\\Illuminate\\Pipeline\\Pipeline.php(183): Illuminate\\Cookie\\Middleware\\AddQueuedCookiesToResponse->handle(Object(Illuminate\\Http\\Request), Object(Closure))
#21 D:\\TUGAS\\SEMESTER 3\\PENGEMBANGAN APLIKASI WEB\\Modul 12\\modul-12\\vendor\\laravel\\framework\\src\\Illuminate\\Cookie\\Middleware\\EncryptCookies.php(67): Illuminate\\Pipeline\\Pipeline->Illuminate\\Pipeline\\{closure}(Object(Illuminate\\Http\\Request))
#22 D:\\TUGAS\\SEMESTER 3\\PENGEMBANGAN APLIKASI WEB\\Modul 12\\modul-12\\vendor\\laravel\\framework\\src\\Illuminate\\Pipeline\\Pipeline.php(183): Illuminate\\Cookie\\Middleware\\EncryptCookies->handle(Object(Illuminate\\Http\\Request), Object(Closure))
#23 D:\\TUGAS\\SEMESTER 3\\PENGEMBANGAN APLIKASI WEB\\Modul 12\\modul-12\\vendor\\laravel\\framework\\src\\Illuminate\\Pipeline\\Pipeline.php(119): Illuminate\\Pipeline\\Pipeline->Illuminate\\Pipeline\\{closure}(Object(Illuminate\\Http\\Request))
#24 D:\\TUGAS\\SEMESTER 3\\PENGEMBANGAN APLIKASI WEB\\Modul 12\\modul-12\\vendor\\laravel\\framework\\src\\Illuminate\\Routing\\Router.php(805): Illuminate\\Pipeline\\Pipeline->then(Object(Closure))
#25 D:\\TUGAS\\SEMESTER 3\\PENGEMBANGAN APLIKASI WEB\\Modul 12\\modul-12\\vendor\\laravel\\framework\\src\\Illuminate\\Routing\\Router.php(784): Illuminate\\Routing\\Router->runRouteWithinStack(Object(Illuminate\\Routing\\Route), Object(Illuminate\\Http\\Request))
#26 D:\\TUGAS\\SEMESTER 3\\PENGEMBANGAN APLIKASI WEB\\Modul 12\\modul-12\\vendor\\laravel\\framework\\src\\Illuminate\\Routing\\Router.php(748): Illuminate\\Routing\\Router->runRoute(Object(Illuminate\\Http\\Request), Object(Illuminate\\Routing\\Route))
#27 D:\\TUGAS\\SEMESTER 3\\PENGEMBANGAN APLIKASI WEB\\Modul 12\\modul-12\\vendor\\laravel\\framework\\src\\Illuminate\\Routing\\Router.php(737): Illuminate\\Routing\\Router->dispatchToRoute(Object(Illuminate\\Http\\Request))
#28 D:\\TUGAS\\SEMESTER 3\\PENGEMBANGAN APLIKASI WEB\\Modul 12\\modul-12\\vendor\\laravel\\framework\\src\\Illuminate\\Foundation\\Http\\Kernel.php(200): Illuminate\\Routing\\Router->dispatch(Object(Illuminate\\Http\\Request))
#29 D:\\TUGAS\\SEMESTER 3\\PENGEMBANGAN APLIKASI WEB\\Modul 12\\modul-12\\vendor\\laravel\\framework\\src\\Illuminate\\Pipeline\\Pipeline.php(144): Illuminate\\Foundation\\Http\\Kernel->Illuminate\\Foundation\\Http\\{closure}(Object(Illuminate\\Http\\Request))
#30 D:\\TUGAS\\SEMESTER 3\\PENGEMBANGAN APLIKASI WEB\\Modul 12\\modul-12\\vendor\\laravel\\framework\\src\\Illuminate\\Foundation\\Http\\Middleware\\TransformsRequest.php(21): Illuminate\\Pipeline\\Pipeline->Illuminate\\Pipeline\\{closure}(Object(Illuminate\\Http\\Request))
#31 D:\\TUGAS\\SEMESTER 3\\PENGEMBANGAN APLIKASI WEB\\Modul 12\\modul-12\\vendor\\laravel\\framework\\src\\Illuminate\\Foundation\\Http\\Middleware\\ConvertEmptyStringsToNull.php(31): Illuminate\\Foundation\\Http\\Middleware\\TransformsRequest->handle(Object(Illuminate\\Http\\Request), Object(Closure))
#32 D:\\TUGAS\\SEMESTER 3\\PENGEMBANGAN APLIKASI WEB\\Modul 12\\modul-12\\vendor\\laravel\\framework\\src\\Illuminate\\Pipeline\\Pipeline.php(183): Illuminate\\Foundation\\Http\\Middleware\\ConvertEmptyStringsToNull->handle(Object(Illuminate\\Http\\Request), Object(Closure))
#33 D:\\TUGAS\\SEMESTER 3\\PENGEMBANGAN APLIKASI WEB\\Modul 12\\modul-12\\vendor\\laravel\\framework\\src\\Illuminate\\Foundation\\Http\\Middleware\\TransformsRequest.php(21): Illuminate\\Pipeline\\Pipeline->Illuminate\\Pipeline\\{closure}(Object(Illuminate\\Http\\Request))
#34 D:\\TUGAS\\SEMESTER 3\\PENGEMBANGAN APLIKASI WEB\\Modul 12\\modul-12\\vendor\\laravel\\framework\\src\\Illuminate\\Foundation\\Http\\Middleware\\TrimStrings.php(40): Illuminate\\Foundation\\Http\\Middleware\\TransformsRequest->handle(Object(Illuminate\\Http\\Request), Object(Closure))
#35 D:\\TUGAS\\SEMESTER 3\\PENGEMBANGAN APLIKASI WEB\\Modul 12\\modul-12\\vendor\\laravel\\framework\\src\\Illuminate\\Pipeline\\Pipeline.php(183): Illuminate\\Foundation\\Http\\Middleware\\TrimStrings->handle(Object(Illuminate\\Http\\Request), Object(Closure))
#36 D:\\TUGAS\\SEMESTER 3\\PENGEMBANGAN APLIKASI WEB\\Modul 12\\modul-12\\vendor\\laravel\\framework\\src\\Illuminate\\Foundation\\Http\\Middleware\\ValidatePostSize.php(27): Illuminate\\Pipeline\\Pipeline->Illuminate\\Pipeline\\{closure}(Object(Illuminate\\Http\\Request))
#37 D:\\TUGAS\\SEMESTER 3\\PENGEMBANGAN APLIKASI WEB\\Modul 12\\modul-12\\vendor\\laravel\\framework\\src\\Illuminate\\Pipeline\\Pipeline.php(183): Illuminate\\Foundation\\Http\\Middleware\\ValidatePostSize->handle(Object(Illuminate\\Http\\Request), Object(Closure))
#38 D:\\TUGAS\\SEMESTER 3\\PENGEMBANGAN APLIKASI WEB\\Modul 12\\modul-12\\vendor\\laravel\\framework\\src\\Illuminate\\Foundation\\Http\\Middleware\\PreventRequestsDuringMaintenance.php(99): Illuminate\\Pipeline\\Pipeline->Illuminate\\Pipeline\\{closure}(Object(Illuminate\\Http\\Request))
#39 D:\\TUGAS\\SEMESTER 3\\PENGEMBANGAN APLIKASI WEB\\Modul 12\\modul-12\\vendor\\laravel\\framework\\src\\Illuminate\\Pipeline\\Pipeline.php(183): Illuminate\\Foundation\\Http\\Middleware\\PreventRequestsDuringMaintenance->handle(Object(Illuminate\\Http\\Request), Object(Closure))
#40 D:\\TUGAS\\SEMESTER 3\\PENGEMBANGAN APLIKASI WEB\\Modul 12\\modul-12\\vendor\\laravel\\framework\\src\\Illuminate\\Http\\Middleware\\HandleCors.php(49): Illuminate\\Pipeline\\Pipeline->Illuminate\\Pipeline\\{closure}(Object(Illuminate\\Http\\Request))
#41 D:\\TUGAS\\SEMESTER 3\\PENGEMBANGAN APLIKASI WEB\\Modul 12\\modul-12\\vendor\\laravel\\framework\\src\\Illuminate\\Pipeline\\Pipeline.php(183): Illuminate\\Http\\Middleware\\HandleCors->handle(Object(Illuminate\\Http\\Request), Object(Closure))
#42 D:\\TUGAS\\SEMESTER 3\\PENGEMBANGAN APLIKASI WEB\\Modul 12\\modul-12\\vendor\\laravel\\framework\\src\\Illuminate\\Http\\Middleware\\TrustProxies.php(39): Illuminate\\Pipeline\\Pipeline->Illuminate\\Pipeline\\{closure}(Object(Illuminate\\Http\\Request))
#43 D:\\TUGAS\\SEMESTER 3\\PENGEMBANGAN APLIKASI WEB\\Modul 12\\modul-12\\vendor\\laravel\\framework\\src\\Illuminate\\Pipeline\\Pipeline.php(183): Illuminate\\Http\\Middleware\\TrustProxies->handle(Object(Illuminate\\Http\\Request), Object(Closure))
#44 D:\\TUGAS\\SEMESTER 3\\PENGEMBANGAN APLIKASI WEB\\Modul 12\\modul-12\\vendor\\laravel\\framework\\src\\Illuminate\\Pipeline\\Pipeline.php(119): Illuminate\\Pipeline\\Pipeline->Illuminate\\Pipeline\\{closure}(Object(Illuminate\\Http\\Request))
#45 D:\\TUGAS\\SEMESTER 3\\PENGEMBANGAN APLIKASI WEB\\Modul 12\\modul-12\\vendor\\laravel\\framework\\src\\Illuminate\\Foundation\\Http\\Kernel.php(175): Illuminate\\Pipeline\\Pipeline->then(Object(Closure))
#46 D:\\TUGAS\\SEMESTER 3\\PENGEMBANGAN APLIKASI WEB\\Modul 12\\modul-12\\vendor\\laravel\\framework\\src\\Illuminate\\Foundation\\Http\\Kernel.php(144): Illuminate\\Foundation\\Http\\Kernel->sendRequestThroughRouter(Object(Illuminate\\Http\\Request))
#47 D:\\TUGAS\\SEMESTER 3\\PENGEMBANGAN APLIKASI WEB\\Modul 12\\modul-12\\public\\index.php(51): Illuminate\\Foundation\\Http\\Kernel->handle(Object(Illuminate\\Http\\Request))
#48 D:\\TUGAS\\SEMESTER 3\\PENGEMBANGAN APLIKASI WEB\\Modul 12\\modul-12\\vendor\\laravel\\framework\\src\\Illuminate\\Foundation\\resources\\server.php(16): require_once('D:\\\\TUGAS\\\\SEMEST...')
#49 {main}
"} 
[2024-11-27 19:19:53] local.ERROR: View [employee.index] not found. {"exception":"[object] (InvalidArgumentException(code: 0): View [employee.index] not found. at D:\\TUGAS\\SEMESTER 3\\PENGEMBANGAN APLIKASI WEB\\Modul 12\\modul-12\\vendor\\laravel\\framework\\src\\Illuminate\\View\\FileViewFinder.php:137)
[stacktrace]
#0 D:\\TUGAS\\SEMESTER 3\\PENGEMBANGAN APLIKASI WEB\\Modul 12\\modul-12\\vendor\\laravel\\framework\\src\\Illuminate\\View\\FileViewFinder.php(79): Illuminate\\View\\FileViewFinder->findInPaths('employee.index', Array)
#1 D:\\TUGAS\\SEMESTER 3\\PENGEMBANGAN APLIKASI WEB\\Modul 12\\modul-12\\vendor\\laravel\\framework\\src\\Illuminate\\View\\Factory.php(137): Illuminate\\View\\FileViewFinder->find('employee.index')
#2 D:\\TUGAS\\SEMESTER 3\\PENGEMBANGAN APLIKASI WEB\\Modul 12\\modul-12\\vendor\\laravel\\framework\\src\\Illuminate\\Foundation\\helpers.php(1020): Illuminate\\View\\Factory->make('employee.index', Array, Array)
#3 D:\\TUGAS\\SEMESTER 3\\PENGEMBANGAN APLIKASI WEB\\Modul 12\\modul-12\\app\\Http\\Controllers\\EmployeeController.php(16): view('employee.index', Array)
#4 D:\\TUGAS\\SEMESTER 3\\PENGEMBANGAN APLIKASI WEB\\Modul 12\\modul-12\\vendor\\laravel\\framework\\src\\Illuminate\\Routing\\Controller.php(54): App\\Http\\Controllers\\EmployeeController->index()
#5 D:\\TUGAS\\SEMESTER 3\\PENGEMBANGAN APLIKASI WEB\\Modul 12\\modul-12\\vendor\\laravel\\framework\\src\\Illuminate\\Routing\\ControllerDispatcher.php(43): Illuminate\\Routing\\Controller->callAction('index', Array)
#6 D:\\TUGAS\\SEMESTER 3\\PENGEMBANGAN APLIKASI WEB\\Modul 12\\modul-12\\vendor\\laravel\\framework\\src\\Illuminate\\Routing\\Route.php(259): Illuminate\\Routing\\ControllerDispatcher->dispatch(Object(Illuminate\\Routing\\Route), Object(App\\Http\\Controllers\\EmployeeController), 'index')
#7 D:\\TUGAS\\SEMESTER 3\\PENGEMBANGAN APLIKASI WEB\\Modul 12\\modul-12\\vendor\\laravel\\framework\\src\\Illuminate\\Routing\\Route.php(205): Illuminate\\Routing\\Route->runController()
#8 D:\\TUGAS\\SEMESTER 3\\PENGEMBANGAN APLIKASI WEB\\Modul 12\\modul-12\\vendor\\laravel\\framework\\src\\Illuminate\\Routing\\Router.php(806): Illuminate\\Routing\\Route->run()
#9 D:\\TUGAS\\SEMESTER 3\\PENGEMBANGAN APLIKASI WEB\\Modul 12\\modul-12\\vendor\\laravel\\framework\\src\\Illuminate\\Pipeline\\Pipeline.php(144): Illuminate\\Routing\\Router->Illuminate\\Routing\\{closure}(Object(Illuminate\\Http\\Request))
#10 D:\\TUGAS\\SEMESTER 3\\PENGEMBANGAN APLIKASI WEB\\Modul 12\\modul-12\\vendor\\laravel\\framework\\src\\Illuminate\\Routing\\Middleware\\SubstituteBindings.php(50): Illuminate\\Pipeline\\Pipeline->Illuminate\\Pipeline\\{closure}(Object(Illuminate\\Http\\Request))
#11 D:\\TUGAS\\SEMESTER 3\\PENGEMBANGAN APLIKASI WEB\\Modul 12\\modul-12\\vendor\\laravel\\framework\\src\\Illuminate\\Pipeline\\Pipeline.php(183): Illuminate\\Routing\\Middleware\\SubstituteBindings->handle(Object(Illuminate\\Http\\Request), Object(Closure))
#12 D:\\TUGAS\\SEMESTER 3\\PENGEMBANGAN APLIKASI WEB\\Modul 12\\modul-12\\vendor\\laravel\\framework\\src\\Illuminate\\Foundation\\Http\\Middleware\\VerifyCsrfToken.php(78): Illuminate\\Pipeline\\Pipeline->Illuminate\\Pipeline\\{closure}(Object(Illuminate\\Http\\Request))
#13 D:\\TUGAS\\SEMESTER 3\\PENGEMBANGAN APLIKASI WEB\\Modul 12\\modul-12\\vendor\\laravel\\framework\\src\\Illuminate\\Pipeline\\Pipeline.php(183): Illuminate\\Foundation\\Http\\Middleware\\VerifyCsrfToken->handle(Object(Illuminate\\Http\\Request), Object(Closure))
#14 D:\\TUGAS\\SEMESTER 3\\PENGEMBANGAN APLIKASI WEB\\Modul 12\\modul-12\\vendor\\laravel\\framework\\src\\Illuminate\\View\\Middleware\\ShareErrorsFromSession.php(49): Illuminate\\Pipeline\\Pipeline->Illuminate\\Pipeline\\{closure}(Object(Illuminate\\Http\\Request))
#15 D:\\TUGAS\\SEMESTER 3\\PENGEMBANGAN APLIKASI WEB\\Modul 12\\modul-12\\vendor\\laravel\\framework\\src\\Illuminate\\Pipeline\\Pipeline.php(183): Illuminate\\View\\Middleware\\ShareErrorsFromSession->handle(Object(Illuminate\\Http\\Request), Object(Closure))
#16 D:\\TUGAS\\SEMESTER 3\\PENGEMBANGAN APLIKASI WEB\\Modul 12\\modul-12\\vendor\\laravel\\framework\\src\\Illuminate\\Session\\Middleware\\StartSession.php(121): Illuminate\\Pipeline\\Pipeline->Illuminate\\Pipeline\\{closure}(Object(Illuminate\\Http\\Request))
#17 D:\\TUGAS\\SEMESTER 3\\PENGEMBANGAN APLIKASI WEB\\Modul 12\\modul-12\\vendor\\laravel\\framework\\src\\Illuminate\\Session\\Middleware\\StartSession.php(64): Illuminate\\Session\\Middleware\\StartSession->handleStatefulRequest(Object(Illuminate\\Http\\Request), Object(Illuminate\\Session\\Store), Object(Closure))
#18 D:\\TUGAS\\SEMESTER 3\\PENGEMBANGAN APLIKASI WEB\\Modul 12\\modul-12\\vendor\\laravel\\framework\\src\\Illuminate\\Pipeline\\Pipeline.php(183): Illuminate\\Session\\Middleware\\StartSession->handle(Object(Illuminate\\Http\\Request), Object(Closure))
#19 D:\\TUGAS\\SEMESTER 3\\PENGEMBANGAN APLIKASI WEB\\Modul 12\\modul-12\\vendor\\laravel\\framework\\src\\Illuminate\\Cookie\\Middleware\\AddQueuedCookiesToResponse.php(37): Illuminate\\Pipeline\\Pipeline->Illuminate\\Pipeline\\{closure}(Object(Illuminate\\Http\\Request))
#20 D:\\TUGAS\\SEMESTER 3\\PENGEMBANGAN APLIKASI WEB\\Modul 12\\modul-12\\vendor\\laravel\\framework\\src\\Illuminate\\Pipeline\\Pipeline.php(183): Illuminate\\Cookie\\Middleware\\AddQueuedCookiesToResponse->handle(Object(Illuminate\\Http\\Request), Object(Closure))
#21 D:\\TUGAS\\SEMESTER 3\\PENGEMBANGAN APLIKASI WEB\\Modul 12\\modul-12\\vendor\\laravel\\framework\\src\\Illuminate\\Cookie\\Middleware\\EncryptCookies.php(67): Illuminate\\Pipeline\\Pipeline->Illuminate\\Pipeline\\{closure}(Object(Illuminate\\Http\\Request))
#22 D:\\TUGAS\\SEMESTER 3\\PENGEMBANGAN APLIKASI WEB\\Modul 12\\modul-12\\vendor\\laravel\\framework\\src\\Illuminate\\Pipeline\\Pipeline.php(183): Illuminate\\Cookie\\Middleware\\EncryptCookies->handle(Object(Illuminate\\Http\\Request), Object(Closure))
#23 D:\\TUGAS\\SEMESTER 3\\PENGEMBANGAN APLIKASI WEB\\Modul 12\\modul-12\\vendor\\laravel\\framework\\src\\Illuminate\\Pipeline\\Pipeline.php(119): Illuminate\\Pipeline\\Pipeline->Illuminate\\Pipeline\\{closure}(Object(Illuminate\\Http\\Request))
#24 D:\\TUGAS\\SEMESTER 3\\PENGEMBANGAN APLIKASI WEB\\Modul 12\\modul-12\\vendor\\laravel\\framework\\src\\Illuminate\\Routing\\Router.php(805): Illuminate\\Pipeline\\Pipeline->then(Object(Closure))
#25 D:\\TUGAS\\SEMESTER 3\\PENGEMBANGAN APLIKASI WEB\\Modul 12\\modul-12\\vendor\\laravel\\framework\\src\\Illuminate\\Routing\\Router.php(784): Illuminate\\Routing\\Router->runRouteWithinStack(Object(Illuminate\\Routing\\Route), Object(Illuminate\\Http\\Request))
#26 D:\\TUGAS\\SEMESTER 3\\PENGEMBANGAN APLIKASI WEB\\Modul 12\\modul-12\\vendor\\laravel\\framework\\src\\Illuminate\\Routing\\Router.php(748): Illuminate\\Routing\\Router->runRoute(Object(Illuminate\\Http\\Request), Object(Illuminate\\Routing\\Route))
#27 D:\\TUGAS\\SEMESTER 3\\PENGEMBANGAN APLIKASI WEB\\Modul 12\\modul-12\\vendor\\laravel\\framework\\src\\Illuminate\\Routing\\Router.php(737): Illuminate\\Routing\\Router->dispatchToRoute(Object(Illuminate\\Http\\Request))
#28 D:\\TUGAS\\SEMESTER 3\\PENGEMBANGAN APLIKASI WEB\\Modul 12\\modul-12\\vendor\\laravel\\framework\\src\\Illuminate\\Foundation\\Http\\Kernel.php(200): Illuminate\\Routing\\Router->dispatch(Object(Illuminate\\Http\\Request))
#29 D:\\TUGAS\\SEMESTER 3\\PENGEMBANGAN APLIKASI WEB\\Modul 12\\modul-12\\vendor\\laravel\\framework\\src\\Illuminate\\Pipeline\\Pipeline.php(144): Illuminate\\Foundation\\Http\\Kernel->Illuminate\\Foundation\\Http\\{closure}(Object(Illuminate\\Http\\Request))
#30 D:\\TUGAS\\SEMESTER 3\\PENGEMBANGAN APLIKASI WEB\\Modul 12\\modul-12\\vendor\\laravel\\framework\\src\\Illuminate\\Foundation\\Http\\Middleware\\TransformsRequest.php(21): Illuminate\\Pipeline\\Pipeline->Illuminate\\Pipeline\\{closure}(Object(Illuminate\\Http\\Request))
#31 D:\\TUGAS\\SEMESTER 3\\PENGEMBANGAN APLIKASI WEB\\Modul 12\\modul-12\\vendor\\laravel\\framework\\src\\Illuminate\\Foundation\\Http\\Middleware\\ConvertEmptyStringsToNull.php(31): Illuminate\\Foundation\\Http\\Middleware\\TransformsRequest->handle(Object(Illuminate\\Http\\Request), Object(Closure))
#32 D:\\TUGAS\\SEMESTER 3\\PENGEMBANGAN APLIKASI WEB\\Modul 12\\modul-12\\vendor\\laravel\\framework\\src\\Illuminate\\Pipeline\\Pipeline.php(183): Illuminate\\Foundation\\Http\\Middleware\\ConvertEmptyStringsToNull->handle(Object(Illuminate\\Http\\Request), Object(Closure))
#33 D:\\TUGAS\\SEMESTER 3\\PENGEMBANGAN APLIKASI WEB\\Modul 12\\modul-12\\vendor\\laravel\\framework\\src\\Illuminate\\Foundation\\Http\\Middleware\\TransformsRequest.php(21): Illuminate\\Pipeline\\Pipeline->Illuminate\\Pipeline\\{closure}(Object(Illuminate\\Http\\Request))
#34 D:\\TUGAS\\SEMESTER 3\\PENGEMBANGAN APLIKASI WEB\\Modul 12\\modul-12\\vendor\\laravel\\framework\\src\\Illuminate\\Foundation\\Http\\Middleware\\TrimStrings.php(40): Illuminate\\Foundation\\Http\\Middleware\\TransformsRequest->handle(Object(Illuminate\\Http\\Request), Object(Closure))
#35 D:\\TUGAS\\SEMESTER 3\\PENGEMBANGAN APLIKASI WEB\\Modul 12\\modul-12\\vendor\\laravel\\framework\\src\\Illuminate\\Pipeline\\Pipeline.php(183): Illuminate\\Foundation\\Http\\Middleware\\TrimStrings->handle(Object(Illuminate\\Http\\Request), Object(Closure))
#36 D:\\TUGAS\\SEMESTER 3\\PENGEMBANGAN APLIKASI WEB\\Modul 12\\modul-12\\vendor\\laravel\\framework\\src\\Illuminate\\Foundation\\Http\\Middleware\\ValidatePostSize.php(27): Illuminate\\Pipeline\\Pipeline->Illuminate\\Pipeline\\{closure}(Object(Illuminate\\Http\\Request))
#37 D:\\TUGAS\\SEMESTER 3\\PENGEMBANGAN APLIKASI WEB\\Modul 12\\modul-12\\vendor\\laravel\\framework\\src\\Illuminate\\Pipeline\\Pipeline.php(183): Illuminate\\Foundation\\Http\\Middleware\\ValidatePostSize->handle(Object(Illuminate\\Http\\Request), Object(Closure))
#38 D:\\TUGAS\\SEMESTER 3\\PENGEMBANGAN APLIKASI WEB\\Modul 12\\modul-12\\vendor\\laravel\\framework\\src\\Illuminate\\Foundation\\Http\\Middleware\\PreventRequestsDuringMaintenance.php(99): Illuminate\\Pipeline\\Pipeline->Illuminate\\Pipeline\\{closure}(Object(Illuminate\\Http\\Request))
#39 D:\\TUGAS\\SEMESTER 3\\PENGEMBANGAN APLIKASI WEB\\Modul 12\\modul-12\\vendor\\laravel\\framework\\src\\Illuminate\\Pipeline\\Pipeline.php(183): Illuminate\\Foundation\\Http\\Middleware\\PreventRequestsDuringMaintenance->handle(Object(Illuminate\\Http\\Request), Object(Closure))
#40 D:\\TUGAS\\SEMESTER 3\\PENGEMBANGAN APLIKASI WEB\\Modul 12\\modul-12\\vendor\\laravel\\framework\\src\\Illuminate\\Http\\Middleware\\HandleCors.php(49): Illuminate\\Pipeline\\Pipeline->Illuminate\\Pipeline\\{closure}(Object(Illuminate\\Http\\Request))
#41 D:\\TUGAS\\SEMESTER 3\\PENGEMBANGAN APLIKASI WEB\\Modul 12\\modul-12\\vendor\\laravel\\framework\\src\\Illuminate\\Pipeline\\Pipeline.php(183): Illuminate\\Http\\Middleware\\HandleCors->handle(Object(Illuminate\\Http\\Request), Object(Closure))
#42 D:\\TUGAS\\SEMESTER 3\\PENGEMBANGAN APLIKASI WEB\\Modul 12\\modul-12\\vendor\\laravel\\framework\\src\\Illuminate\\Http\\Middleware\\TrustProxies.php(39): Illuminate\\Pipeline\\Pipeline->Illuminate\\Pipeline\\{closure}(Object(Illuminate\\Http\\Request))
#43 D:\\TUGAS\\SEMESTER 3\\PENGEMBANGAN APLIKASI WEB\\Modul 12\\modul-12\\vendor\\laravel\\framework\\src\\Illuminate\\Pipeline\\Pipeline.php(183): Illuminate\\Http\\Middleware\\TrustProxies->handle(Object(Illuminate\\Http\\Request), Object(Closure))
#44 D:\\TUGAS\\SEMESTER 3\\PENGEMBANGAN APLIKASI WEB\\Modul 12\\modul-12\\vendor\\laravel\\framework\\src\\Illuminate\\Pipeline\\Pipeline.php(119): Illuminate\\Pipeline\\Pipeline->Illuminate\\Pipeline\\{closure}(Object(Illuminate\\Http\\Request))
#45 D:\\TUGAS\\SEMESTER 3\\PENGEMBANGAN APLIKASI WEB\\Modul 12\\modul-12\\vendor\\laravel\\framework\\src\\Illuminate\\Foundation\\Http\\Kernel.php(175): Illuminate\\Pipeline\\Pipeline->then(Object(Closure))
#46 D:\\TUGAS\\SEMESTER 3\\PENGEMBANGAN APLIKASI WEB\\Modul 12\\modul-12\\vendor\\laravel\\framework\\src\\Illuminate\\Foundation\\Http\\Kernel.php(144): Illuminate\\Foundation\\Http\\Kernel->sendRequestThroughRouter(Object(Illuminate\\Http\\Request))
#47 D:\\TUGAS\\SEMESTER 3\\PENGEMBANGAN APLIKASI WEB\\Modul 12\\modul-12\\public\\index.php(51): Illuminate\\Foundation\\Http\\Kernel->handle(Object(Illuminate\\Http\\Request))
#48 D:\\TUGAS\\SEMESTER 3\\PENGEMBANGAN APLIKASI WEB\\Modul 12\\modul-12\\vendor\\laravel\\framework\\src\\Illuminate\\Foundation\\resources\\server.php(16): require_once('D:\\\\TUGAS\\\\SEMEST...')
#49 {main}
"} 
[2024-11-27 19:22:11] local.ERROR: View [employee.index] not found. {"exception":"[object] (InvalidArgumentException(code: 0): View [employee.index] not found. at D:\\TUGAS\\SEMESTER 3\\PENGEMBANGAN APLIKASI WEB\\Modul 12\\modul-12\\vendor\\laravel\\framework\\src\\Illuminate\\View\\FileViewFinder.php:137)
[stacktrace]
#0 D:\\TUGAS\\SEMESTER 3\\PENGEMBANGAN APLIKASI WEB\\Modul 12\\modul-12\\vendor\\laravel\\framework\\src\\Illuminate\\View\\FileViewFinder.php(79): Illuminate\\View\\FileViewFinder->findInPaths('employee.index', Array)
#1 D:\\TUGAS\\SEMESTER 3\\PENGEMBANGAN APLIKASI WEB\\Modul 12\\modul-12\\vendor\\laravel\\framework\\src\\Illuminate\\View\\Factory.php(137): Illuminate\\View\\FileViewFinder->find('employee.index')
#2 D:\\TUGAS\\SEMESTER 3\\PENGEMBANGAN APLIKASI WEB\\Modul 12\\modul-12\\vendor\\laravel\\framework\\src\\Illuminate\\Foundation\\helpers.php(1020): Illuminate\\View\\Factory->make('employee.index', Array, Array)
#3 D:\\TUGAS\\SEMESTER 3\\PENGEMBANGAN APLIKASI WEB\\Modul 12\\modul-12\\app\\Http\\Controllers\\EmployeeController.php(16): view('employee.index', Array)
#4 D:\\TUGAS\\SEMESTER 3\\PENGEMBANGAN APLIKASI WEB\\Modul 12\\modul-12\\vendor\\laravel\\framework\\src\\Illuminate\\Routing\\Controller.php(54): App\\Http\\Controllers\\EmployeeController->index()
#5 D:\\TUGAS\\SEMESTER 3\\PENGEMBANGAN APLIKASI WEB\\Modul 12\\modul-12\\vendor\\laravel\\framework\\src\\Illuminate\\Routing\\ControllerDispatcher.php(43): Illuminate\\Routing\\Controller->callAction('index', Array)
#6 D:\\TUGAS\\SEMESTER 3\\PENGEMBANGAN APLIKASI WEB\\Modul 12\\modul-12\\vendor\\laravel\\framework\\src\\Illuminate\\Routing\\Route.php(259): Illuminate\\Routing\\ControllerDispatcher->dispatch(Object(Illuminate\\Routing\\Route), Object(App\\Http\\Controllers\\EmployeeController), 'index')
#7 D:\\TUGAS\\SEMESTER 3\\PENGEMBANGAN APLIKASI WEB\\Modul 12\\modul-12\\vendor\\laravel\\framework\\src\\Illuminate\\Routing\\Route.php(205): Illuminate\\Routing\\Route->runController()
#8 D:\\TUGAS\\SEMESTER 3\\PENGEMBANGAN APLIKASI WEB\\Modul 12\\modul-12\\vendor\\laravel\\framework\\src\\Illuminate\\Routing\\Router.php(806): Illuminate\\Routing\\Route->run()
#9 D:\\TUGAS\\SEMESTER 3\\PENGEMBANGAN APLIKASI WEB\\Modul 12\\modul-12\\vendor\\laravel\\framework\\src\\Illuminate\\Pipeline\\Pipeline.php(144): Illuminate\\Routing\\Router->Illuminate\\Routing\\{closure}(Object(Illuminate\\Http\\Request))
#10 D:\\TUGAS\\SEMESTER 3\\PENGEMBANGAN APLIKASI WEB\\Modul 12\\modul-12\\vendor\\laravel\\framework\\src\\Illuminate\\Routing\\Middleware\\SubstituteBindings.php(50): Illuminate\\Pipeline\\Pipeline->Illuminate\\Pipeline\\{closure}(Object(Illuminate\\Http\\Request))
#11 D:\\TUGAS\\SEMESTER 3\\PENGEMBANGAN APLIKASI WEB\\Modul 12\\modul-12\\vendor\\laravel\\framework\\src\\Illuminate\\Pipeline\\Pipeline.php(183): Illuminate\\Routing\\Middleware\\SubstituteBindings->handle(Object(Illuminate\\Http\\Request), Object(Closure))
#12 D:\\TUGAS\\SEMESTER 3\\PENGEMBANGAN APLIKASI WEB\\Modul 12\\modul-12\\vendor\\laravel\\framework\\src\\Illuminate\\Foundation\\Http\\Middleware\\VerifyCsrfToken.php(78): Illuminate\\Pipeline\\Pipeline->Illuminate\\Pipeline\\{closure}(Object(Illuminate\\Http\\Request))
#13 D:\\TUGAS\\SEMESTER 3\\PENGEMBANGAN APLIKASI WEB\\Modul 12\\modul-12\\vendor\\laravel\\framework\\src\\Illuminate\\Pipeline\\Pipeline.php(183): Illuminate\\Foundation\\Http\\Middleware\\VerifyCsrfToken->handle(Object(Illuminate\\Http\\Request), Object(Closure))
#14 D:\\TUGAS\\SEMESTER 3\\PENGEMBANGAN APLIKASI WEB\\Modul 12\\modul-12\\vendor\\laravel\\framework\\src\\Illuminate\\View\\Middleware\\ShareErrorsFromSession.php(49): Illuminate\\Pipeline\\Pipeline->Illuminate\\Pipeline\\{closure}(Object(Illuminate\\Http\\Request))
#15 D:\\TUGAS\\SEMESTER 3\\PENGEMBANGAN APLIKASI WEB\\Modul 12\\modul-12\\vendor\\laravel\\framework\\src\\Illuminate\\Pipeline\\Pipeline.php(183): Illuminate\\View\\Middleware\\ShareErrorsFromSession->handle(Object(Illuminate\\Http\\Request), Object(Closure))
#16 D:\\TUGAS\\SEMESTER 3\\PENGEMBANGAN APLIKASI WEB\\Modul 12\\modul-12\\vendor\\laravel\\framework\\src\\Illuminate\\Session\\Middleware\\StartSession.php(121): Illuminate\\Pipeline\\Pipeline->Illuminate\\Pipeline\\{closure}(Object(Illuminate\\Http\\Request))
#17 D:\\TUGAS\\SEMESTER 3\\PENGEMBANGAN APLIKASI WEB\\Modul 12\\modul-12\\vendor\\laravel\\framework\\src\\Illuminate\\Session\\Middleware\\StartSession.php(64): Illuminate\\Session\\Middleware\\StartSession->handleStatefulRequest(Object(Illuminate\\Http\\Request), Object(Illuminate\\Session\\Store), Object(Closure))
#18 D:\\TUGAS\\SEMESTER 3\\PENGEMBANGAN APLIKASI WEB\\Modul 12\\modul-12\\vendor\\laravel\\framework\\src\\Illuminate\\Pipeline\\Pipeline.php(183): Illuminate\\Session\\Middleware\\StartSession->handle(Object(Illuminate\\Http\\Request), Object(Closure))
#19 D:\\TUGAS\\SEMESTER 3\\PENGEMBANGAN APLIKASI WEB\\Modul 12\\modul-12\\vendor\\laravel\\framework\\src\\Illuminate\\Cookie\\Middleware\\AddQueuedCookiesToResponse.php(37): Illuminate\\Pipeline\\Pipeline->Illuminate\\Pipeline\\{closure}(Object(Illuminate\\Http\\Request))
#20 D:\\TUGAS\\SEMESTER 3\\PENGEMBANGAN APLIKASI WEB\\Modul 12\\modul-12\\vendor\\laravel\\framework\\src\\Illuminate\\Pipeline\\Pipeline.php(183): Illuminate\\Cookie\\Middleware\\AddQueuedCookiesToResponse->handle(Object(Illuminate\\Http\\Request), Object(Closure))
#21 D:\\TUGAS\\SEMESTER 3\\PENGEMBANGAN APLIKASI WEB\\Modul 12\\modul-12\\vendor\\laravel\\framework\\src\\Illuminate\\Cookie\\Middleware\\EncryptCookies.php(67): Illuminate\\Pipeline\\Pipeline->Illuminate\\Pipeline\\{closure}(Object(Illuminate\\Http\\Request))
#22 D:\\TUGAS\\SEMESTER 3\\PENGEMBANGAN APLIKASI WEB\\Modul 12\\modul-12\\vendor\\laravel\\framework\\src\\Illuminate\\Pipeline\\Pipeline.php(183): Illuminate\\Cookie\\Middleware\\EncryptCookies->handle(Object(Illuminate\\Http\\Request), Object(Closure))
#23 D:\\TUGAS\\SEMESTER 3\\PENGEMBANGAN APLIKASI WEB\\Modul 12\\modul-12\\vendor\\laravel\\framework\\src\\Illuminate\\Pipeline\\Pipeline.php(119): Illuminate\\Pipeline\\Pipeline->Illuminate\\Pipeline\\{closure}(Object(Illuminate\\Http\\Request))
#24 D:\\TUGAS\\SEMESTER 3\\PENGEMBANGAN APLIKASI WEB\\Modul 12\\modul-12\\vendor\\laravel\\framework\\src\\Illuminate\\Routing\\Router.php(805): Illuminate\\Pipeline\\Pipeline->then(Object(Closure))
#25 D:\\TUGAS\\SEMESTER 3\\PENGEMBANGAN APLIKASI WEB\\Modul 12\\modul-12\\vendor\\laravel\\framework\\src\\Illuminate\\Routing\\Router.php(784): Illuminate\\Routing\\Router->runRouteWithinStack(Object(Illuminate\\Routing\\Route), Object(Illuminate\\Http\\Request))
#26 D:\\TUGAS\\SEMESTER 3\\PENGEMBANGAN APLIKASI WEB\\Modul 12\\modul-12\\vendor\\laravel\\framework\\src\\Illuminate\\Routing\\Router.php(748): Illuminate\\Routing\\Router->runRoute(Object(Illuminate\\Http\\Request), Object(Illuminate\\Routing\\Route))
#27 D:\\TUGAS\\SEMESTER 3\\PENGEMBANGAN APLIKASI WEB\\Modul 12\\modul-12\\vendor\\laravel\\framework\\src\\Illuminate\\Routing\\Router.php(737): Illuminate\\Routing\\Router->dispatchToRoute(Object(Illuminate\\Http\\Request))
#28 D:\\TUGAS\\SEMESTER 3\\PENGEMBANGAN APLIKASI WEB\\Modul 12\\modul-12\\vendor\\laravel\\framework\\src\\Illuminate\\Foundation\\Http\\Kernel.php(200): Illuminate\\Routing\\Router->dispatch(Object(Illuminate\\Http\\Request))
#29 D:\\TUGAS\\SEMESTER 3\\PENGEMBANGAN APLIKASI WEB\\Modul 12\\modul-12\\vendor\\laravel\\framework\\src\\Illuminate\\Pipeline\\Pipeline.php(144): Illuminate\\Foundation\\Http\\Kernel->Illuminate\\Foundation\\Http\\{closure}(Object(Illuminate\\Http\\Request))
#30 D:\\TUGAS\\SEMESTER 3\\PENGEMBANGAN APLIKASI WEB\\Modul 12\\modul-12\\vendor\\laravel\\framework\\src\\Illuminate\\Foundation\\Http\\Middleware\\TransformsRequest.php(21): Illuminate\\Pipeline\\Pipeline->Illuminate\\Pipeline\\{closure}(Object(Illuminate\\Http\\Request))
#31 D:\\TUGAS\\SEMESTER 3\\PENGEMBANGAN APLIKASI WEB\\Modul 12\\modul-12\\vendor\\laravel\\framework\\src\\Illuminate\\Foundation\\Http\\Middleware\\ConvertEmptyStringsToNull.php(31): Illuminate\\Foundation\\Http\\Middleware\\TransformsRequest->handle(Object(Illuminate\\Http\\Request), Object(Closure))
#32 D:\\TUGAS\\SEMESTER 3\\PENGEMBANGAN APLIKASI WEB\\Modul 12\\modul-12\\vendor\\laravel\\framework\\src\\Illuminate\\Pipeline\\Pipeline.php(183): Illuminate\\Foundation\\Http\\Middleware\\ConvertEmptyStringsToNull->handle(Object(Illuminate\\Http\\Request), Object(Closure))
#33 D:\\TUGAS\\SEMESTER 3\\PENGEMBANGAN APLIKASI WEB\\Modul 12\\modul-12\\vendor\\laravel\\framework\\src\\Illuminate\\Foundation\\Http\\Middleware\\TransformsRequest.php(21): Illuminate\\Pipeline\\Pipeline->Illuminate\\Pipeline\\{closure}(Object(Illuminate\\Http\\Request))
#34 D:\\TUGAS\\SEMESTER 3\\PENGEMBANGAN APLIKASI WEB\\Modul 12\\modul-12\\vendor\\laravel\\framework\\src\\Illuminate\\Foundation\\Http\\Middleware\\TrimStrings.php(40): Illuminate\\Foundation\\Http\\Middleware\\TransformsRequest->handle(Object(Illuminate\\Http\\Request), Object(Closure))
#35 D:\\TUGAS\\SEMESTER 3\\PENGEMBANGAN APLIKASI WEB\\Modul 12\\modul-12\\vendor\\laravel\\framework\\src\\Illuminate\\Pipeline\\Pipeline.php(183): Illuminate\\Foundation\\Http\\Middleware\\TrimStrings->handle(Object(Illuminate\\Http\\Request), Object(Closure))
#36 D:\\TUGAS\\SEMESTER 3\\PENGEMBANGAN APLIKASI WEB\\Modul 12\\modul-12\\vendor\\laravel\\framework\\src\\Illuminate\\Foundation\\Http\\Middleware\\ValidatePostSize.php(27): Illuminate\\Pipeline\\Pipeline->Illuminate\\Pipeline\\{closure}(Object(Illuminate\\Http\\Request))
#37 D:\\TUGAS\\SEMESTER 3\\PENGEMBANGAN APLIKASI WEB\\Modul 12\\modul-12\\vendor\\laravel\\framework\\src\\Illuminate\\Pipeline\\Pipeline.php(183): Illuminate\\Foundation\\Http\\Middleware\\ValidatePostSize->handle(Object(Illuminate\\Http\\Request), Object(Closure))
#38 D:\\TUGAS\\SEMESTER 3\\PENGEMBANGAN APLIKASI WEB\\Modul 12\\modul-12\\vendor\\laravel\\framework\\src\\Illuminate\\Foundation\\Http\\Middleware\\PreventRequestsDuringMaintenance.php(99): Illuminate\\Pipeline\\Pipeline->Illuminate\\Pipeline\\{closure}(Object(Illuminate\\Http\\Request))
#39 D:\\TUGAS\\SEMESTER 3\\PENGEMBANGAN APLIKASI WEB\\Modul 12\\modul-12\\vendor\\laravel\\framework\\src\\Illuminate\\Pipeline\\Pipeline.php(183): Illuminate\\Foundation\\Http\\Middleware\\PreventRequestsDuringMaintenance->handle(Object(Illuminate\\Http\\Request), Object(Closure))
#40 D:\\TUGAS\\SEMESTER 3\\PENGEMBANGAN APLIKASI WEB\\Modul 12\\modul-12\\vendor\\laravel\\framework\\src\\Illuminate\\Http\\Middleware\\HandleCors.php(49): Illuminate\\Pipeline\\Pipeline->Illuminate\\Pipeline\\{closure}(Object(Illuminate\\Http\\Request))
#41 D:\\TUGAS\\SEMESTER 3\\PENGEMBANGAN APLIKASI WEB\\Modul 12\\modul-12\\vendor\\laravel\\framework\\src\\Illuminate\\Pipeline\\Pipeline.php(183): Illuminate\\Http\\Middleware\\HandleCors->handle(Object(Illuminate\\Http\\Request), Object(Closure))
#42 D:\\TUGAS\\SEMESTER 3\\PENGEMBANGAN APLIKASI WEB\\Modul 12\\modul-12\\vendor\\laravel\\framework\\src\\Illuminate\\Http\\Middleware\\TrustProxies.php(39): Illuminate\\Pipeline\\Pipeline->Illuminate\\Pipeline\\{closure}(Object(Illuminate\\Http\\Request))
#43 D:\\TUGAS\\SEMESTER 3\\PENGEMBANGAN APLIKASI WEB\\Modul 12\\modul-12\\vendor\\laravel\\framework\\src\\Illuminate\\Pipeline\\Pipeline.php(183): Illuminate\\Http\\Middleware\\TrustProxies->handle(Object(Illuminate\\Http\\Request), Object(Closure))
#44 D:\\TUGAS\\SEMESTER 3\\PENGEMBANGAN APLIKASI WEB\\Modul 12\\modul-12\\vendor\\laravel\\framework\\src\\Illuminate\\Pipeline\\Pipeline.php(119): Illuminate\\Pipeline\\Pipeline->Illuminate\\Pipeline\\{closure}(Object(Illuminate\\Http\\Request))
#45 D:\\TUGAS\\SEMESTER 3\\PENGEMBANGAN APLIKASI WEB\\Modul 12\\modul-12\\vendor\\laravel\\framework\\src\\Illuminate\\Foundation\\Http\\Kernel.php(175): Illuminate\\Pipeline\\Pipeline->then(Object(Closure))
#46 D:\\TUGAS\\SEMESTER 3\\PENGEMBANGAN APLIKASI WEB\\Modul 12\\modul-12\\vendor\\laravel\\framework\\src\\Illuminate\\Foundation\\Http\\Kernel.php(144): Illuminate\\Foundation\\Http\\Kernel->sendRequestThroughRouter(Object(Illuminate\\Http\\Request))
#47 D:\\TUGAS\\SEMESTER 3\\PENGEMBANGAN APLIKASI WEB\\Modul 12\\modul-12\\public\\index.php(51): Illuminate\\Foundation\\Http\\Kernel->handle(Object(Illuminate\\Http\\Request))
#48 D:\\TUGAS\\SEMESTER 3\\PENGEMBANGAN APLIKASI WEB\\Modul 12\\modul-12\\vendor\\laravel\\framework\\src\\Illuminate\\Foundation\\resources\\server.php(16): require_once('D:\\\\TUGAS\\\\SEMEST...')
#49 {main}
"} 
[2024-11-27 21:58:20] local.ERROR: View [employee.index] not found. {"exception":"[object] (InvalidArgumentException(code: 0): View [employee.index] not found. at D:\\TUGAS\\SEMESTER 3\\PENGEMBANGAN APLIKASI WEB\\Modul 12\\modul-12\\vendor\\laravel\\framework\\src\\Illuminate\\View\\FileViewFinder.php:137)
[stacktrace]
#0 D:\\TUGAS\\SEMESTER 3\\PENGEMBANGAN APLIKASI WEB\\Modul 12\\modul-12\\vendor\\laravel\\framework\\src\\Illuminate\\View\\FileViewFinder.php(79): Illuminate\\View\\FileViewFinder->findInPaths('employee.index', Array)
#1 D:\\TUGAS\\SEMESTER 3\\PENGEMBANGAN APLIKASI WEB\\Modul 12\\modul-12\\vendor\\laravel\\framework\\src\\Illuminate\\View\\Factory.php(137): Illuminate\\View\\FileViewFinder->find('employee.index')
#2 D:\\TUGAS\\SEMESTER 3\\PENGEMBANGAN APLIKASI WEB\\Modul 12\\modul-12\\vendor\\laravel\\framework\\src\\Illuminate\\Foundation\\helpers.php(1020): Illuminate\\View\\Factory->make('employee.index', Array, Array)
#3 D:\\TUGAS\\SEMESTER 3\\PENGEMBANGAN APLIKASI WEB\\Modul 12\\modul-12\\app\\Http\\Controllers\\EmployeeController.php(16): view('employee.index', Array)
#4 D:\\TUGAS\\SEMESTER 3\\PENGEMBANGAN APLIKASI WEB\\Modul 12\\modul-12\\vendor\\laravel\\framework\\src\\Illuminate\\Routing\\Controller.php(54): App\\Http\\Controllers\\EmployeeController->index()
#5 D:\\TUGAS\\SEMESTER 3\\PENGEMBANGAN APLIKASI WEB\\Modul 12\\modul-12\\vendor\\laravel\\framework\\src\\Illuminate\\Routing\\ControllerDispatcher.php(43): Illuminate\\Routing\\Controller->callAction('index', Array)
#6 D:\\TUGAS\\SEMESTER 3\\PENGEMBANGAN APLIKASI WEB\\Modul 12\\modul-12\\vendor\\laravel\\framework\\src\\Illuminate\\Routing\\Route.php(259): Illuminate\\Routing\\ControllerDispatcher->dispatch(Object(Illuminate\\Routing\\Route), Object(App\\Http\\Controllers\\EmployeeController), 'index')
#7 D:\\TUGAS\\SEMESTER 3\\PENGEMBANGAN APLIKASI WEB\\Modul 12\\modul-12\\vendor\\laravel\\framework\\src\\Illuminate\\Routing\\Route.php(205): Illuminate\\Routing\\Route->runController()
#8 D:\\TUGAS\\SEMESTER 3\\PENGEMBANGAN APLIKASI WEB\\Modul 12\\modul-12\\vendor\\laravel\\framework\\src\\Illuminate\\Routing\\Router.php(806): Illuminate\\Routing\\Route->run()
#9 D:\\TUGAS\\SEMESTER 3\\PENGEMBANGAN APLIKASI WEB\\Modul 12\\modul-12\\vendor\\laravel\\framework\\src\\Illuminate\\Pipeline\\Pipeline.php(144): Illuminate\\Routing\\Router->Illuminate\\Routing\\{closure}(Object(Illuminate\\Http\\Request))
#10 D:\\TUGAS\\SEMESTER 3\\PENGEMBANGAN APLIKASI WEB\\Modul 12\\modul-12\\vendor\\laravel\\framework\\src\\Illuminate\\Routing\\Middleware\\SubstituteBindings.php(50): Illuminate\\Pipeline\\Pipeline->Illuminate\\Pipeline\\{closure}(Object(Illuminate\\Http\\Request))
#11 D:\\TUGAS\\SEMESTER 3\\PENGEMBANGAN APLIKASI WEB\\Modul 12\\modul-12\\vendor\\laravel\\framework\\src\\Illuminate\\Pipeline\\Pipeline.php(183): Illuminate\\Routing\\Middleware\\SubstituteBindings->handle(Object(Illuminate\\Http\\Request), Object(Closure))
#12 D:\\TUGAS\\SEMESTER 3\\PENGEMBANGAN APLIKASI WEB\\Modul 12\\modul-12\\vendor\\laravel\\framework\\src\\Illuminate\\Foundation\\Http\\Middleware\\VerifyCsrfToken.php(78): Illuminate\\Pipeline\\Pipeline->Illuminate\\Pipeline\\{closure}(Object(Illuminate\\Http\\Request))
#13 D:\\TUGAS\\SEMESTER 3\\PENGEMBANGAN APLIKASI WEB\\Modul 12\\modul-12\\vendor\\laravel\\framework\\src\\Illuminate\\Pipeline\\Pipeline.php(183): Illuminate\\Foundation\\Http\\Middleware\\VerifyCsrfToken->handle(Object(Illuminate\\Http\\Request), Object(Closure))
#14 D:\\TUGAS\\SEMESTER 3\\PENGEMBANGAN APLIKASI WEB\\Modul 12\\modul-12\\vendor\\laravel\\framework\\src\\Illuminate\\View\\Middleware\\ShareErrorsFromSession.php(49): Illuminate\\Pipeline\\Pipeline->Illuminate\\Pipeline\\{closure}(Object(Illuminate\\Http\\Request))
#15 D:\\TUGAS\\SEMESTER 3\\PENGEMBANGAN APLIKASI WEB\\Modul 12\\modul-12\\vendor\\laravel\\framework\\src\\Illuminate\\Pipeline\\Pipeline.php(183): Illuminate\\View\\Middleware\\ShareErrorsFromSession->handle(Object(Illuminate\\Http\\Request), Object(Closure))
#16 D:\\TUGAS\\SEMESTER 3\\PENGEMBANGAN APLIKASI WEB\\Modul 12\\modul-12\\vendor\\laravel\\framework\\src\\Illuminate\\Session\\Middleware\\StartSession.php(121): Illuminate\\Pipeline\\Pipeline->Illuminate\\Pipeline\\{closure}(Object(Illuminate\\Http\\Request))
#17 D:\\TUGAS\\SEMESTER 3\\PENGEMBANGAN APLIKASI WEB\\Modul 12\\modul-12\\vendor\\laravel\\framework\\src\\Illuminate\\Session\\Middleware\\StartSession.php(64): Illuminate\\Session\\Middleware\\StartSession->handleStatefulRequest(Object(Illuminate\\Http\\Request), Object(Illuminate\\Session\\Store), Object(Closure))
#18 D:\\TUGAS\\SEMESTER 3\\PENGEMBANGAN APLIKASI WEB\\Modul 12\\modul-12\\vendor\\laravel\\framework\\src\\Illuminate\\Pipeline\\Pipeline.php(183): Illuminate\\Session\\Middleware\\StartSession->handle(Object(Illuminate\\Http\\Request), Object(Closure))
#19 D:\\TUGAS\\SEMESTER 3\\PENGEMBANGAN APLIKASI WEB\\Modul 12\\modul-12\\vendor\\laravel\\framework\\src\\Illuminate\\Cookie\\Middleware\\AddQueuedCookiesToResponse.php(37): Illuminate\\Pipeline\\Pipeline->Illuminate\\Pipeline\\{closure}(Object(Illuminate\\Http\\Request))
#20 D:\\TUGAS\\SEMESTER 3\\PENGEMBANGAN APLIKASI WEB\\Modul 12\\modul-12\\vendor\\laravel\\framework\\src\\Illuminate\\Pipeline\\Pipeline.php(183): Illuminate\\Cookie\\Middleware\\AddQueuedCookiesToResponse->handle(Object(Illuminate\\Http\\Request), Object(Closure))
#21 D:\\TUGAS\\SEMESTER 3\\PENGEMBANGAN APLIKASI WEB\\Modul 12\\modul-12\\vendor\\laravel\\framework\\src\\Illuminate\\Cookie\\Middleware\\EncryptCookies.php(67): Illuminate\\Pipeline\\Pipeline->Illuminate\\Pipeline\\{closure}(Object(Illuminate\\Http\\Request))
#22 D:\\TUGAS\\SEMESTER 3\\PENGEMBANGAN APLIKASI WEB\\Modul 12\\modul-12\\vendor\\laravel\\framework\\src\\Illuminate\\Pipeline\\Pipeline.php(183): Illuminate\\Cookie\\Middleware\\EncryptCookies->handle(Object(Illuminate\\Http\\Request), Object(Closure))
#23 D:\\TUGAS\\SEMESTER 3\\PENGEMBANGAN APLIKASI WEB\\Modul 12\\modul-12\\vendor\\laravel\\framework\\src\\Illuminate\\Pipeline\\Pipeline.php(119): Illuminate\\Pipeline\\Pipeline->Illuminate\\Pipeline\\{closure}(Object(Illuminate\\Http\\Request))
#24 D:\\TUGAS\\SEMESTER 3\\PENGEMBANGAN APLIKASI WEB\\Modul 12\\modul-12\\vendor\\laravel\\framework\\src\\Illuminate\\Routing\\Router.php(805): Illuminate\\Pipeline\\Pipeline->then(Object(Closure))
#25 D:\\TUGAS\\SEMESTER 3\\PENGEMBANGAN APLIKASI WEB\\Modul 12\\modul-12\\vendor\\laravel\\framework\\src\\Illuminate\\Routing\\Router.php(784): Illuminate\\Routing\\Router->runRouteWithinStack(Object(Illuminate\\Routing\\Route), Object(Illuminate\\Http\\Request))
#26 D:\\TUGAS\\SEMESTER 3\\PENGEMBANGAN APLIKASI WEB\\Modul 12\\modul-12\\vendor\\laravel\\framework\\src\\Illuminate\\Routing\\Router.php(748): Illuminate\\Routing\\Router->runRoute(Object(Illuminate\\Http\\Request), Object(Illuminate\\Routing\\Route))
#27 D:\\TUGAS\\SEMESTER 3\\PENGEMBANGAN APLIKASI WEB\\Modul 12\\modul-12\\vendor\\laravel\\framework\\src\\Illuminate\\Routing\\Router.php(737): Illuminate\\Routing\\Router->dispatchToRoute(Object(Illuminate\\Http\\Request))
#28 D:\\TUGAS\\SEMESTER 3\\PENGEMBANGAN APLIKASI WEB\\Modul 12\\modul-12\\vendor\\laravel\\framework\\src\\Illuminate\\Foundation\\Http\\Kernel.php(200): Illuminate\\Routing\\Router->dispatch(Object(Illuminate\\Http\\Request))
#29 D:\\TUGAS\\SEMESTER 3\\PENGEMBANGAN APLIKASI WEB\\Modul 12\\modul-12\\vendor\\laravel\\framework\\src\\Illuminate\\Pipeline\\Pipeline.php(144): Illuminate\\Foundation\\Http\\Kernel->Illuminate\\Foundation\\Http\\{closure}(Object(Illuminate\\Http\\Request))
#30 D:\\TUGAS\\SEMESTER 3\\PENGEMBANGAN APLIKASI WEB\\Modul 12\\modul-12\\vendor\\laravel\\framework\\src\\Illuminate\\Foundation\\Http\\Middleware\\TransformsRequest.php(21): Illuminate\\Pipeline\\Pipeline->Illuminate\\Pipeline\\{closure}(Object(Illuminate\\Http\\Request))
#31 D:\\TUGAS\\SEMESTER 3\\PENGEMBANGAN APLIKASI WEB\\Modul 12\\modul-12\\vendor\\laravel\\framework\\src\\Illuminate\\Foundation\\Http\\Middleware\\ConvertEmptyStringsToNull.php(31): Illuminate\\Foundation\\Http\\Middleware\\TransformsRequest->handle(Object(Illuminate\\Http\\Request), Object(Closure))
#32 D:\\TUGAS\\SEMESTER 3\\PENGEMBANGAN APLIKASI WEB\\Modul 12\\modul-12\\vendor\\laravel\\framework\\src\\Illuminate\\Pipeline\\Pipeline.php(183): Illuminate\\Foundation\\Http\\Middleware\\ConvertEmptyStringsToNull->handle(Object(Illuminate\\Http\\Request), Object(Closure))
#33 D:\\TUGAS\\SEMESTER 3\\PENGEMBANGAN APLIKASI WEB\\Modul 12\\modul-12\\vendor\\laravel\\framework\\src\\Illuminate\\Foundation\\Http\\Middleware\\TransformsRequest.php(21): Illuminate\\Pipeline\\Pipeline->Illuminate\\Pipeline\\{closure}(Object(Illuminate\\Http\\Request))
#34 D:\\TUGAS\\SEMESTER 3\\PENGEMBANGAN APLIKASI WEB\\Modul 12\\modul-12\\vendor\\laravel\\framework\\src\\Illuminate\\Foundation\\Http\\Middleware\\TrimStrings.php(40): Illuminate\\Foundation\\Http\\Middleware\\TransformsRequest->handle(Object(Illuminate\\Http\\Request), Object(Closure))
#35 D:\\TUGAS\\SEMESTER 3\\PENGEMBANGAN APLIKASI WEB\\Modul 12\\modul-12\\vendor\\laravel\\framework\\src\\Illuminate\\Pipeline\\Pipeline.php(183): Illuminate\\Foundation\\Http\\Middleware\\TrimStrings->handle(Object(Illuminate\\Http\\Request), Object(Closure))
#36 D:\\TUGAS\\SEMESTER 3\\PENGEMBANGAN APLIKASI WEB\\Modul 12\\modul-12\\vendor\\laravel\\framework\\src\\Illuminate\\Foundation\\Http\\Middleware\\ValidatePostSize.php(27): Illuminate\\Pipeline\\Pipeline->Illuminate\\Pipeline\\{closure}(Object(Illuminate\\Http\\Request))
#37 D:\\TUGAS\\SEMESTER 3\\PENGEMBANGAN APLIKASI WEB\\Modul 12\\modul-12\\vendor\\laravel\\framework\\src\\Illuminate\\Pipeline\\Pipeline.php(183): Illuminate\\Foundation\\Http\\Middleware\\ValidatePostSize->handle(Object(Illuminate\\Http\\Request), Object(Closure))
#38 D:\\TUGAS\\SEMESTER 3\\PENGEMBANGAN APLIKASI WEB\\Modul 12\\modul-12\\vendor\\laravel\\framework\\src\\Illuminate\\Foundation\\Http\\Middleware\\PreventRequestsDuringMaintenance.php(99): Illuminate\\Pipeline\\Pipeline->Illuminate\\Pipeline\\{closure}(Object(Illuminate\\Http\\Request))
#39 D:\\TUGAS\\SEMESTER 3\\PENGEMBANGAN APLIKASI WEB\\Modul 12\\modul-12\\vendor\\laravel\\framework\\src\\Illuminate\\Pipeline\\Pipeline.php(183): Illuminate\\Foundation\\Http\\Middleware\\PreventRequestsDuringMaintenance->handle(Object(Illuminate\\Http\\Request), Object(Closure))
#40 D:\\TUGAS\\SEMESTER 3\\PENGEMBANGAN APLIKASI WEB\\Modul 12\\modul-12\\vendor\\laravel\\framework\\src\\Illuminate\\Http\\Middleware\\HandleCors.php(49): Illuminate\\Pipeline\\Pipeline->Illuminate\\Pipeline\\{closure}(Object(Illuminate\\Http\\Request))
#41 D:\\TUGAS\\SEMESTER 3\\PENGEMBANGAN APLIKASI WEB\\Modul 12\\modul-12\\vendor\\laravel\\framework\\src\\Illuminate\\Pipeline\\Pipeline.php(183): Illuminate\\Http\\Middleware\\HandleCors->handle(Object(Illuminate\\Http\\Request), Object(Closure))
#42 D:\\TUGAS\\SEMESTER 3\\PENGEMBANGAN APLIKASI WEB\\Modul 12\\modul-12\\vendor\\laravel\\framework\\src\\Illuminate\\Http\\Middleware\\TrustProxies.php(39): Illuminate\\Pipeline\\Pipeline->Illuminate\\Pipeline\\{closure}(Object(Illuminate\\Http\\Request))
#43 D:\\TUGAS\\SEMESTER 3\\PENGEMBANGAN APLIKASI WEB\\Modul 12\\modul-12\\vendor\\laravel\\framework\\src\\Illuminate\\Pipeline\\Pipeline.php(183): Illuminate\\Http\\Middleware\\TrustProxies->handle(Object(Illuminate\\Http\\Request), Object(Closure))
#44 D:\\TUGAS\\SEMESTER 3\\PENGEMBANGAN APLIKASI WEB\\Modul 12\\modul-12\\vendor\\laravel\\framework\\src\\Illuminate\\Pipeline\\Pipeline.php(119): Illuminate\\Pipeline\\Pipeline->Illuminate\\Pipeline\\{closure}(Object(Illuminate\\Http\\Request))
#45 D:\\TUGAS\\SEMESTER 3\\PENGEMBANGAN APLIKASI WEB\\Modul 12\\modul-12\\vendor\\laravel\\framework\\src\\Illuminate\\Foundation\\Http\\Kernel.php(175): Illuminate\\Pipeline\\Pipeline->then(Object(Closure))
#46 D:\\TUGAS\\SEMESTER 3\\PENGEMBANGAN APLIKASI WEB\\Modul 12\\modul-12\\vendor\\laravel\\framework\\src\\Illuminate\\Foundation\\Http\\Kernel.php(144): Illuminate\\Foundation\\Http\\Kernel->sendRequestThroughRouter(Object(Illuminate\\Http\\Request))
#47 D:\\TUGAS\\SEMESTER 3\\PENGEMBANGAN APLIKASI WEB\\Modul 12\\modul-12\\public\\index.php(51): Illuminate\\Foundation\\Http\\Kernel->handle(Object(Illuminate\\Http\\Request))
#48 D:\\TUGAS\\SEMESTER 3\\PENGEMBANGAN APLIKASI WEB\\Modul 12\\modul-12\\vendor\\laravel\\framework\\src\\Illuminate\\Foundation\\resources\\server.php(16): require_once('D:\\\\TUGAS\\\\SEMEST...')
#49 {main}
"} 
[2024-11-28 03:32:55] local.ERROR: Class "App\Http\Controllers\Validator" not found {"exception":"[object] (Error(code: 0): Class \"App\\Http\\Controllers\\Validator\" not found at D:\\TUGAS\\SEMESTER 3\\PENGEMBANGAN APLIKASI WEB\\Modul 12\\modul-12\\app\\Http\\Controllers\\EmployeeController.php:40)
[stacktrace]
#0 D:\\TUGAS\\SEMESTER 3\\PENGEMBANGAN APLIKASI WEB\\Modul 12\\modul-12\\vendor\\laravel\\framework\\src\\Illuminate\\Routing\\Controller.php(54): App\\Http\\Controllers\\EmployeeController->store(Object(Illuminate\\Http\\Request))
#1 D:\\TUGAS\\SEMESTER 3\\PENGEMBANGAN APLIKASI WEB\\Modul 12\\modul-12\\vendor\\laravel\\framework\\src\\Illuminate\\Routing\\ControllerDispatcher.php(43): Illuminate\\Routing\\Controller->callAction('store', Array)
#2 D:\\TUGAS\\SEMESTER 3\\PENGEMBANGAN APLIKASI WEB\\Modul 12\\modul-12\\vendor\\laravel\\framework\\src\\Illuminate\\Routing\\Route.php(259): Illuminate\\Routing\\ControllerDispatcher->dispatch(Object(Illuminate\\Routing\\Route), Object(App\\Http\\Controllers\\EmployeeController), 'store')
#3 D:\\TUGAS\\SEMESTER 3\\PENGEMBANGAN APLIKASI WEB\\Modul 12\\modul-12\\vendor\\laravel\\framework\\src\\Illuminate\\Routing\\Route.php(205): Illuminate\\Routing\\Route->runController()
#4 D:\\TUGAS\\SEMESTER 3\\PENGEMBANGAN APLIKASI WEB\\Modul 12\\modul-12\\vendor\\laravel\\framework\\src\\Illuminate\\Routing\\Router.php(806): Illuminate\\Routing\\Route->run()
#5 D:\\TUGAS\\SEMESTER 3\\PENGEMBANGAN APLIKASI WEB\\Modul 12\\modul-12\\vendor\\laravel\\framework\\src\\Illuminate\\Pipeline\\Pipeline.php(144): Illuminate\\Routing\\Router->Illuminate\\Routing\\{closure}(Object(Illuminate\\Http\\Request))
#6 D:\\TUGAS\\SEMESTER 3\\PENGEMBANGAN APLIKASI WEB\\Modul 12\\modul-12\\vendor\\laravel\\framework\\src\\Illuminate\\Routing\\Middleware\\SubstituteBindings.php(50): Illuminate\\Pipeline\\Pipeline->Illuminate\\Pipeline\\{closure}(Object(Illuminate\\Http\\Request))
#7 D:\\TUGAS\\SEMESTER 3\\PENGEMBANGAN APLIKASI WEB\\Modul 12\\modul-12\\vendor\\laravel\\framework\\src\\Illuminate\\Pipeline\\Pipeline.php(183): Illuminate\\Routing\\Middleware\\SubstituteBindings->handle(Object(Illuminate\\Http\\Request), Object(Closure))
#8 D:\\TUGAS\\SEMESTER 3\\PENGEMBANGAN APLIKASI WEB\\Modul 12\\modul-12\\vendor\\laravel\\framework\\src\\Illuminate\\Foundation\\Http\\Middleware\\VerifyCsrfToken.php(78): Illuminate\\Pipeline\\Pipeline->Illuminate\\Pipeline\\{closure}(Object(Illuminate\\Http\\Request))
#9 D:\\TUGAS\\SEMESTER 3\\PENGEMBANGAN APLIKASI WEB\\Modul 12\\modul-12\\vendor\\laravel\\framework\\src\\Illuminate\\Pipeline\\Pipeline.php(183): Illuminate\\Foundation\\Http\\Middleware\\VerifyCsrfToken->handle(Object(Illuminate\\Http\\Request), Object(Closure))
#10 D:\\TUGAS\\SEMESTER 3\\PENGEMBANGAN APLIKASI WEB\\Modul 12\\modul-12\\vendor\\laravel\\framework\\src\\Illuminate\\View\\Middleware\\ShareErrorsFromSession.php(49): Illuminate\\Pipeline\\Pipeline->Illuminate\\Pipeline\\{closure}(Object(Illuminate\\Http\\Request))
#11 D:\\TUGAS\\SEMESTER 3\\PENGEMBANGAN APLIKASI WEB\\Modul 12\\modul-12\\vendor\\laravel\\framework\\src\\Illuminate\\Pipeline\\Pipeline.php(183): Illuminate\\View\\Middleware\\ShareErrorsFromSession->handle(Object(Illuminate\\Http\\Request), Object(Closure))
#12 D:\\TUGAS\\SEMESTER 3\\PENGEMBANGAN APLIKASI WEB\\Modul 12\\modul-12\\vendor\\laravel\\framework\\src\\Illuminate\\Session\\Middleware\\StartSession.php(121): Illuminate\\Pipeline\\Pipeline->Illuminate\\Pipeline\\{closure}(Object(Illuminate\\Http\\Request))
#13 D:\\TUGAS\\SEMESTER 3\\PENGEMBANGAN APLIKASI WEB\\Modul 12\\modul-12\\vendor\\laravel\\framework\\src\\Illuminate\\Session\\Middleware\\StartSession.php(64): Illuminate\\Session\\Middleware\\StartSession->handleStatefulRequest(Object(Illuminate\\Http\\Request), Object(Illuminate\\Session\\Store), Object(Closure))
#14 D:\\TUGAS\\SEMESTER 3\\PENGEMBANGAN APLIKASI WEB\\Modul 12\\modul-12\\vendor\\laravel\\framework\\src\\Illuminate\\Pipeline\\Pipeline.php(183): Illuminate\\Session\\Middleware\\StartSession->handle(Object(Illuminate\\Http\\Request), Object(Closure))
#15 D:\\TUGAS\\SEMESTER 3\\PENGEMBANGAN APLIKASI WEB\\Modul 12\\modul-12\\vendor\\laravel\\framework\\src\\Illuminate\\Cookie\\Middleware\\AddQueuedCookiesToResponse.php(37): Illuminate\\Pipeline\\Pipeline->Illuminate\\Pipeline\\{closure}(Object(Illuminate\\Http\\Request))
#16 D:\\TUGAS\\SEMESTER 3\\PENGEMBANGAN APLIKASI WEB\\Modul 12\\modul-12\\vendor\\laravel\\framework\\src\\Illuminate\\Pipeline\\Pipeline.php(183): Illuminate\\Cookie\\Middleware\\AddQueuedCookiesToResponse->handle(Object(Illuminate\\Http\\Request), Object(Closure))
#17 D:\\TUGAS\\SEMESTER 3\\PENGEMBANGAN APLIKASI WEB\\Modul 12\\modul-12\\vendor\\laravel\\framework\\src\\Illuminate\\Cookie\\Middleware\\EncryptCookies.php(67): Illuminate\\Pipeline\\Pipeline->Illuminate\\Pipeline\\{closure}(Object(Illuminate\\Http\\Request))
#18 D:\\TUGAS\\SEMESTER 3\\PENGEMBANGAN APLIKASI WEB\\Modul 12\\modul-12\\vendor\\laravel\\framework\\src\\Illuminate\\Pipeline\\Pipeline.php(183): Illuminate\\Cookie\\Middleware\\EncryptCookies->handle(Object(Illuminate\\Http\\Request), Object(Closure))
#19 D:\\TUGAS\\SEMESTER 3\\PENGEMBANGAN APLIKASI WEB\\Modul 12\\modul-12\\vendor\\laravel\\framework\\src\\Illuminate\\Pipeline\\Pipeline.php(119): Illuminate\\Pipeline\\Pipeline->Illuminate\\Pipeline\\{closure}(Object(Illuminate\\Http\\Request))
#20 D:\\TUGAS\\SEMESTER 3\\PENGEMBANGAN APLIKASI WEB\\Modul 12\\modul-12\\vendor\\laravel\\framework\\src\\Illuminate\\Routing\\Router.php(805): Illuminate\\Pipeline\\Pipeline->then(Object(Closure))
#21 D:\\TUGAS\\SEMESTER 3\\PENGEMBANGAN APLIKASI WEB\\Modul 12\\modul-12\\vendor\\laravel\\framework\\src\\Illuminate\\Routing\\Router.php(784): Illuminate\\Routing\\Router->runRouteWithinStack(Object(Illuminate\\Routing\\Route), Object(Illuminate\\Http\\Request))
#22 D:\\TUGAS\\SEMESTER 3\\PENGEMBANGAN APLIKASI WEB\\Modul 12\\modul-12\\vendor\\laravel\\framework\\src\\Illuminate\\Routing\\Router.php(748): Illuminate\\Routing\\Router->runRoute(Object(Illuminate\\Http\\Request), Object(Illuminate\\Routing\\Route))
#23 D:\\TUGAS\\SEMESTER 3\\PENGEMBANGAN APLIKASI WEB\\Modul 12\\modul-12\\vendor\\laravel\\framework\\src\\Illuminate\\Routing\\Router.php(737): Illuminate\\Routing\\Router->dispatchToRoute(Object(Illuminate\\Http\\Request))
#24 D:\\TUGAS\\SEMESTER 3\\PENGEMBANGAN APLIKASI WEB\\Modul 12\\modul-12\\vendor\\laravel\\framework\\src\\Illuminate\\Foundation\\Http\\Kernel.php(200): Illuminate\\Routing\\Router->dispatch(Object(Illuminate\\Http\\Request))
#25 D:\\TUGAS\\SEMESTER 3\\PENGEMBANGAN APLIKASI WEB\\Modul 12\\modul-12\\vendor\\laravel\\framework\\src\\Illuminate\\Pipeline\\Pipeline.php(144): Illuminate\\Foundation\\Http\\Kernel->Illuminate\\Foundation\\Http\\{closure}(Object(Illuminate\\Http\\Request))
#26 D:\\TUGAS\\SEMESTER 3\\PENGEMBANGAN APLIKASI WEB\\Modul 12\\modul-12\\vendor\\laravel\\framework\\src\\Illuminate\\Foundation\\Http\\Middleware\\TransformsRequest.php(21): Illuminate\\Pipeline\\Pipeline->Illuminate\\Pipeline\\{closure}(Object(Illuminate\\Http\\Request))
#27 D:\\TUGAS\\SEMESTER 3\\PENGEMBANGAN APLIKASI WEB\\Modul 12\\modul-12\\vendor\\laravel\\framework\\src\\Illuminate\\Foundation\\Http\\Middleware\\ConvertEmptyStringsToNull.php(31): Illuminate\\Foundation\\Http\\Middleware\\TransformsRequest->handle(Object(Illuminate\\Http\\Request), Object(Closure))
#28 D:\\TUGAS\\SEMESTER 3\\PENGEMBANGAN APLIKASI WEB\\Modul 12\\modul-12\\vendor\\laravel\\framework\\src\\Illuminate\\Pipeline\\Pipeline.php(183): Illuminate\\Foundation\\Http\\Middleware\\ConvertEmptyStringsToNull->handle(Object(Illuminate\\Http\\Request), Object(Closure))
#29 D:\\TUGAS\\SEMESTER 3\\PENGEMBANGAN APLIKASI WEB\\Modul 12\\modul-12\\vendor\\laravel\\framework\\src\\Illuminate\\Foundation\\Http\\Middleware\\TransformsRequest.php(21): Illuminate\\Pipeline\\Pipeline->Illuminate\\Pipeline\\{closure}(Object(Illuminate\\Http\\Request))
#30 D:\\TUGAS\\SEMESTER 3\\PENGEMBANGAN APLIKASI WEB\\Modul 12\\modul-12\\vendor\\laravel\\framework\\src\\Illuminate\\Foundation\\Http\\Middleware\\TrimStrings.php(40): Illuminate\\Foundation\\Http\\Middleware\\TransformsRequest->handle(Object(Illuminate\\Http\\Request), Object(Closure))
#31 D:\\TUGAS\\SEMESTER 3\\PENGEMBANGAN APLIKASI WEB\\Modul 12\\modul-12\\vendor\\laravel\\framework\\src\\Illuminate\\Pipeline\\Pipeline.php(183): Illuminate\\Foundation\\Http\\Middleware\\TrimStrings->handle(Object(Illuminate\\Http\\Request), Object(Closure))
#32 D:\\TUGAS\\SEMESTER 3\\PENGEMBANGAN APLIKASI WEB\\Modul 12\\modul-12\\vendor\\laravel\\framework\\src\\Illuminate\\Foundation\\Http\\Middleware\\ValidatePostSize.php(27): Illuminate\\Pipeline\\Pipeline->Illuminate\\Pipeline\\{closure}(Object(Illuminate\\Http\\Request))
#33 D:\\TUGAS\\SEMESTER 3\\PENGEMBANGAN APLIKASI WEB\\Modul 12\\modul-12\\vendor\\laravel\\framework\\src\\Illuminate\\Pipeline\\Pipeline.php(183): Illuminate\\Foundation\\Http\\Middleware\\ValidatePostSize->handle(Object(Illuminate\\Http\\Request), Object(Closure))
#34 D:\\TUGAS\\SEMESTER 3\\PENGEMBANGAN APLIKASI WEB\\Modul 12\\modul-12\\vendor\\laravel\\framework\\src\\Illuminate\\Foundation\\Http\\Middleware\\PreventRequestsDuringMaintenance.php(99): Illuminate\\Pipeline\\Pipeline->Illuminate\\Pipeline\\{closure}(Object(Illuminate\\Http\\Request))
#35 D:\\TUGAS\\SEMESTER 3\\PENGEMBANGAN APLIKASI WEB\\Modul 12\\modul-12\\vendor\\laravel\\framework\\src\\Illuminate\\Pipeline\\Pipeline.php(183): Illuminate\\Foundation\\Http\\Middleware\\PreventRequestsDuringMaintenance->handle(Object(Illuminate\\Http\\Request), Object(Closure))
#36 D:\\TUGAS\\SEMESTER 3\\PENGEMBANGAN APLIKASI WEB\\Modul 12\\modul-12\\vendor\\laravel\\framework\\src\\Illuminate\\Http\\Middleware\\HandleCors.php(49): Illuminate\\Pipeline\\Pipeline->Illuminate\\Pipeline\\{closure}(Object(Illuminate\\Http\\Request))
#37 D:\\TUGAS\\SEMESTER 3\\PENGEMBANGAN APLIKASI WEB\\Modul 12\\modul-12\\vendor\\laravel\\framework\\src\\Illuminate\\Pipeline\\Pipeline.php(183): Illuminate\\Http\\Middleware\\HandleCors->handle(Object(Illuminate\\Http\\Request), Object(Closure))
#38 D:\\TUGAS\\SEMESTER 3\\PENGEMBANGAN APLIKASI WEB\\Modul 12\\modul-12\\vendor\\laravel\\framework\\src\\Illuminate\\Http\\Middleware\\TrustProxies.php(39): Illuminate\\Pipeline\\Pipeline->Illuminate\\Pipeline\\{closure}(Object(Illuminate\\Http\\Request))
#39 D:\\TUGAS\\SEMESTER 3\\PENGEMBANGAN APLIKASI WEB\\Modul 12\\modul-12\\vendor\\laravel\\framework\\src\\Illuminate\\Pipeline\\Pipeline.php(183): Illuminate\\Http\\Middleware\\TrustProxies->handle(Object(Illuminate\\Http\\Request), Object(Closure))
#40 D:\\TUGAS\\SEMESTER 3\\PENGEMBANGAN APLIKASI WEB\\Modul 12\\modul-12\\vendor\\laravel\\framework\\src\\Illuminate\\Pipeline\\Pipeline.php(119): Illuminate\\Pipeline\\Pipeline->Illuminate\\Pipeline\\{closure}(Object(Illuminate\\Http\\Request))
#41 D:\\TUGAS\\SEMESTER 3\\PENGEMBANGAN APLIKASI WEB\\Modul 12\\modul-12\\vendor\\laravel\\framework\\src\\Illuminate\\Foundation\\Http\\Kernel.php(175): Illuminate\\Pipeline\\Pipeline->then(Object(Closure))
#42 D:\\TUGAS\\SEMESTER 3\\PENGEMBANGAN APLIKASI WEB\\Modul 12\\modul-12\\vendor\\laravel\\framework\\src\\Illuminate\\Foundation\\Http\\Kernel.php(144): Illuminate\\Foundation\\Http\\Kernel->sendRequestThroughRouter(Object(Illuminate\\Http\\Request))
#43 D:\\TUGAS\\SEMESTER 3\\PENGEMBANGAN APLIKASI WEB\\Modul 12\\modul-12\\public\\index.php(51): Illuminate\\Foundation\\Http\\Kernel->handle(Object(Illuminate\\Http\\Request))
#44 D:\\TUGAS\\SEMESTER 3\\PENGEMBANGAN APLIKASI WEB\\Modul 12\\modul-12\\vendor\\laravel\\framework\\src\\Illuminate\\Foundation\\resources\\server.php(16): require_once('D:\\\\TUGAS\\\\SEMEST...')
#45 {main}
"} 
